2024-07-24 09:40:25,927 [Worker-4: Loading available Gradle versions] INFO  o.e.b.c.i.u.g.PublishedGradleVersions - Gradle version information cache is up-to-date. Trying to read.
2024-07-24 09:40:27,454 [ForkJoinPool.commonPool-worker-1] INFO  o.s.s.s.o.s.c.s.PostProcessorRegistrationDelegate$BeanPostProcessorChecker - Bean 'sonarLintSpringAppConfig' of type [org.sonarsource.sonarlint.core.spring.SonarLintSpringAppConfig$$EnhancerBySpringCGLIB$$8d4c37fb] is not eligible for getting processed by all BeanPostProcessors (for example: not eligible for auto-proxying)
2024-07-24 09:40:27,500 [ForkJoinPool.commonPool-worker-1] INFO  o.s.s.s.o.s.c.s.PostProcessorRegistrationDelegate$BeanPostProcessorChecker - Bean 'provideClientEventBus' of type [com.google.common.eventbus.AsyncEventBus] is not eligible for getting processed by all BeanPostProcessors (for example: not eligible for auto-proxying)
2024-07-24 09:40:28,398 [ForkJoinPool.commonPool-worker-1] INFO  jetbrains.exodus.io.FileDataWriter - Interruptible file channel will be used
java.lang.reflect.InaccessibleObjectException: Unable to make public void sun.nio.ch.FileChannelImpl.setUninterruptible() accessible: module java.base does not "exports sun.nio.ch" to unnamed module @185848ca
	at java.base/java.lang.reflect.AccessibleObject.checkCanSetAccessible(AccessibleObject.java:354)
	at java.base/java.lang.reflect.AccessibleObject.checkCanSetAccessible(AccessibleObject.java:297)
	at java.base/java.lang.reflect.Method.checkCanSetAccessible(Method.java:200)
	at java.base/java.lang.reflect.Method.setAccessible(Method.java:194)
	at jetbrains.exodus.io.FileDataWriter$Companion$setUninterruptibleMethod$1.invoke(FileDataWriter.kt:188)
	at jetbrains.exodus.io.FileDataWriter$Companion$setUninterruptibleMethod$1.invoke(FileDataWriter.kt:185)
	at jetbrains.exodus.util.UnsafeHolder.doPrivileged$lambda-0(UnsafeHolder.kt:30)
	at java.base/java.security.AccessController.doPrivileged(AccessController.java:569)
	at jetbrains.exodus.util.UnsafeHolder.doPrivileged(UnsafeHolder.kt:29)
	at jetbrains.exodus.io.FileDataWriter.<clinit>(FileDataWriter.kt:185)
	at jetbrains.exodus.io.FileDataReaderWriterProvider.newFileDataWriter(FileDataReaderWriterProvider.kt:48)
	at jetbrains.exodus.io.FileDataReaderWriterProvider.newReaderWriter(FileDataReaderWriterProvider.kt:30)
	at jetbrains.exodus.log.LogConfig.createReaderWriter(LogConfig.java:359)
	at jetbrains.exodus.log.LogConfig.getReader(LogConfig.java:125)
	at jetbrains.exodus.log.Log.<init>(Log.kt:52)
	at jetbrains.exodus.env.Environments.newLogInstance(Environments.kt:117)
	at jetbrains.exodus.env.Environments.newLogInstance(Environments.kt:81)
	at jetbrains.exodus.env.Environments.newLogInstance(Environments.kt:77)
	at jetbrains.exodus.env.Environments$newInstance$4.invoke(Environments.kt:46)
	at jetbrains.exodus.env.Environments$newInstance$4.invoke(Environments.kt:46)
	at jetbrains.exodus.env.Environments.prepare(Environments.kt:120)
	at jetbrains.exodus.env.Environments.newInstance(Environments.kt:46)
	at org.sonarsource.sonarlint.core.local.only.XodusLocalOnlyIssueStore.buildEntityStore(XodusLocalOnlyIssueStore.java:201)
	at org.sonarsource.sonarlint.core.local.only.XodusLocalOnlyIssueStore.<init>(XodusLocalOnlyIssueStore.java:94)
	at org.sonarsource.sonarlint.core.local.only.LocalOnlyIssueStorageService.get(LocalOnlyIssueStorageService.java:49)
	at org.sonarsource.sonarlint.core.local.only.LocalOnlyIssueStorageService.purgeOldIssues(LocalOnlyIssueStorageService.java:43)
	at java.base/jdk.internal.reflect.DirectMethodHandleAccessor.invoke(DirectMethodHandleAccessor.java:104)
	at java.base/java.lang.reflect.Method.invoke(Method.java:577)
	at org.sonarsource.sonarlint.shaded.org.springframework.beans.factory.annotation.InitDestroyAnnotationBeanPostProcessor$LifecycleElement.invoke(InitDestroyAnnotationBeanPostProcessor.java:389)
	at org.sonarsource.sonarlint.shaded.org.springframework.beans.factory.annotation.InitDestroyAnnotationBeanPostProcessor$LifecycleMetadata.invokeInitMethods(InitDestroyAnnotationBeanPostProcessor.java:333)
	at org.sonarsource.sonarlint.shaded.org.springframework.beans.factory.annotation.InitDestroyAnnotationBeanPostProcessor.postProcessBeforeInitialization(InitDestroyAnnotationBeanPostProcessor.java:157)
	at org.sonarsource.sonarlint.shaded.org.springframework.beans.factory.support.AbstractAutowireCapableBeanFactory.applyBeanPostProcessorsBeforeInitialization(AbstractAutowireCapableBeanFactory.java:440)
	at org.sonarsource.sonarlint.shaded.org.springframework.beans.factory.support.AbstractAutowireCapableBeanFactory.initializeBean(AbstractAutowireCapableBeanFactory.java:1796)
	at org.sonarsource.sonarlint.shaded.org.springframework.beans.factory.support.AbstractAutowireCapableBeanFactory.doCreateBean(AbstractAutowireCapableBeanFactory.java:620)
	at org.sonarsource.sonarlint.shaded.org.springframework.beans.factory.support.AbstractAutowireCapableBeanFactory.createBean(AbstractAutowireCapableBeanFactory.java:542)
	at org.sonarsource.sonarlint.shaded.org.springframework.beans.factory.support.AbstractBeanFactory.lambda$doGetBean$0(AbstractBeanFactory.java:335)
	at org.sonarsource.sonarlint.shaded.org.springframework.beans.factory.support.DefaultSingletonBeanRegistry.getSingleton(DefaultSingletonBeanRegistry.java:234)
	at org.sonarsource.sonarlint.shaded.org.springframework.beans.factory.support.AbstractBeanFactory.doGetBean(AbstractBeanFactory.java:333)
	at org.sonarsource.sonarlint.shaded.org.springframework.beans.factory.support.AbstractBeanFactory.getBean(AbstractBeanFactory.java:208)
	at org.sonarsource.sonarlint.shaded.org.springframework.beans.factory.config.DependencyDescriptor.resolveCandidate(DependencyDescriptor.java:276)
	at org.sonarsource.sonarlint.shaded.org.springframework.beans.factory.support.DefaultListableBeanFactory.doResolveDependency(DefaultListableBeanFactory.java:1391)
	at org.sonarsource.sonarlint.shaded.org.springframework.beans.factory.support.DefaultListableBeanFactory.resolveDependency(DefaultListableBeanFactory.java:1311)
	at org.sonarsource.sonarlint.shaded.org.springframework.beans.factory.support.ConstructorResolver.resolveAutowiredArgument(ConstructorResolver.java:887)
	at org.sonarsource.sonarlint.shaded.org.springframework.beans.factory.support.ConstructorResolver.createArgumentArray(ConstructorResolver.java:791)
	at org.sonarsource.sonarlint.shaded.org.springframework.beans.factory.support.ConstructorResolver.autowireConstructor(ConstructorResolver.java:229)
	at org.sonarsource.sonarlint.shaded.org.springframework.beans.factory.support.AbstractAutowireCapableBeanFactory.autowireConstructor(AbstractAutowireCapableBeanFactory.java:1372)
	at org.sonarsource.sonarlint.shaded.org.springframework.beans.factory.support.AbstractAutowireCapableBeanFactory.createBeanInstance(AbstractAutowireCapableBeanFactory.java:1222)
	at org.sonarsource.sonarlint.shaded.org.springframework.beans.factory.support.AbstractAutowireCapableBeanFactory.doCreateBean(AbstractAutowireCapableBeanFactory.java:582)
	at org.sonarsource.sonarlint.shaded.org.springframework.beans.factory.support.AbstractAutowireCapableBeanFactory.createBean(AbstractAutowireCapableBeanFactory.java:542)
	at org.sonarsource.sonarlint.shaded.org.springframework.beans.factory.support.AbstractBeanFactory.lambda$doGetBean$0(AbstractBeanFactory.java:335)
	at org.sonarsource.sonarlint.shaded.org.springframework.beans.factory.support.DefaultSingletonBeanRegistry.getSingleton(DefaultSingletonBeanRegistry.java:234)
	at org.sonarsource.sonarlint.shaded.org.springframework.beans.factory.support.AbstractBeanFactory.doGetBean(AbstractBeanFactory.java:333)
	at org.sonarsource.sonarlint.shaded.org.springframework.beans.factory.support.AbstractBeanFactory.getBean(AbstractBeanFactory.java:208)
	at org.sonarsource.sonarlint.shaded.org.springframework.beans.factory.support.DefaultListableBeanFactory.preInstantiateSingletons(DefaultListableBeanFactory.java:955)
	at org.sonarsource.sonarlint.shaded.org.springframework.context.support.AbstractApplicationContext.finishBeanFactoryInitialization(AbstractApplicationContext.java:920)
	at org.sonarsource.sonarlint.shaded.org.springframework.context.support.AbstractApplicationContext.refresh(AbstractApplicationContext.java:583)
	at org.sonarsource.sonarlint.core.SonarLintBackendImpl.lambda$initialize$2(SonarLintBackendImpl.java:63)
	at java.base/java.util.concurrent.CompletableFuture$AsyncRun.run(CompletableFuture.java:1804)
	at java.base/java.util.concurrent.CompletableFuture$AsyncRun.exec(CompletableFuture.java:1796)
	at java.base/java.util.concurrent.ForkJoinTask.doExec(ForkJoinTask.java:373)
	at java.base/java.util.concurrent.ForkJoinPool$WorkQueue.topLevelExec(ForkJoinPool.java:1182)
	at java.base/java.util.concurrent.ForkJoinPool.scan(ForkJoinPool.java:1655)
	at java.base/java.util.concurrent.ForkJoinPool.runWorker(ForkJoinPool.java:1622)
	at java.base/java.util.concurrent.ForkJoinWorkerThread.run(ForkJoinWorkerThread.java:165)
2024-07-24 09:40:28,401 [ForkJoinPool.commonPool-worker-1] WARN  jetbrains.exodus.io.FileDataWriter - Can't open directory channel. Log directory fsync won't be performed.
2024-07-24 09:40:28,569 [ForkJoinPool.commonPool-worker-1] INFO  j.exodus.env.EnvironmentImpl - Exodus environment created: C:\Users\ankit\.sonarlint\xodus-local-only-issue-store1532877149310460283
2024-07-24 09:41:04,231 [Worker-4: Launching mavenrun-8367b7f0-0393-417f-955b-df0f828b6ab5] INFO  o.eclipse.m2e.core.internal.Bundles - getClasspathEntries(Bundle=org.eclipse.m2e.maven.runtime_3.9.400.20230826-0755 [660])
2024-07-24 09:41:04,234 [Worker-4: Launching mavenrun-8367b7f0-0393-417f-955b-df0f828b6ab5] INFO  o.eclipse.m2e.core.internal.Bundles - 	Entry: C:\Users\ankit\.p2\pool\plugins\org.eclipse.m2e.maven.runtime_3.9.400.20230826-0755
2024-07-24 09:41:04,234 [Worker-4: Launching mavenrun-8367b7f0-0393-417f-955b-df0f828b6ab5] INFO  o.eclipse.m2e.core.internal.Bundles - 	Entry: C:\Users\ankit\.p2\pool\plugins\org.eclipse.m2e.maven.runtime_3.9.400.20230826-0755\jars\aether-connector-okhttp-0.17.8.jar
2024-07-24 09:41:04,234 [Worker-4: Launching mavenrun-8367b7f0-0393-417f-955b-df0f828b6ab5] INFO  o.eclipse.m2e.core.internal.Bundles - 	Entry: C:\Users\ankit\.p2\pool\plugins\org.eclipse.m2e.maven.runtime_3.9.400.20230826-0755\jars\aopalliance-1.0.jar
2024-07-24 09:41:04,234 [Worker-4: Launching mavenrun-8367b7f0-0393-417f-955b-df0f828b6ab5] INFO  o.eclipse.m2e.core.internal.Bundles - 	Entry: C:\Users\ankit\.p2\pool\plugins\org.eclipse.m2e.maven.runtime_3.9.400.20230826-0755\jars\commons-lang3-3.12.0.jar
2024-07-24 09:41:04,235 [Worker-4: Launching mavenrun-8367b7f0-0393-417f-955b-df0f828b6ab5] INFO  o.eclipse.m2e.core.internal.Bundles - 	Entry: C:\Users\ankit\.p2\pool\plugins\org.eclipse.m2e.maven.runtime_3.9.400.20230826-0755\jars\guice-5.1.0.jar
2024-07-24 09:41:04,235 [Worker-4: Launching mavenrun-8367b7f0-0393-417f-955b-df0f828b6ab5] INFO  o.eclipse.m2e.core.internal.Bundles - 	Entry: C:\Users\ankit\.p2\pool\plugins\org.eclipse.m2e.maven.runtime_3.9.400.20230826-0755\jars\jansi-2.4.0.jar
2024-07-24 09:41:04,235 [Worker-4: Launching mavenrun-8367b7f0-0393-417f-955b-df0f828b6ab5] INFO  o.eclipse.m2e.core.internal.Bundles - 	Entry: C:\Users\ankit\.p2\pool\plugins\org.eclipse.m2e.maven.runtime_3.9.400.20230826-0755\jars\maven-artifact-3.9.4.jar
2024-07-24 09:41:04,235 [Worker-4: Launching mavenrun-8367b7f0-0393-417f-955b-df0f828b6ab5] INFO  o.eclipse.m2e.core.internal.Bundles - 	Entry: C:\Users\ankit\.p2\pool\plugins\org.eclipse.m2e.maven.runtime_3.9.400.20230826-0755\jars\maven-builder-support-3.9.4.jar
2024-07-24 09:41:04,235 [Worker-4: Launching mavenrun-8367b7f0-0393-417f-955b-df0f828b6ab5] INFO  o.eclipse.m2e.core.internal.Bundles - 	Entry: C:\Users\ankit\.p2\pool\plugins\org.eclipse.m2e.maven.runtime_3.9.400.20230826-0755\jars\maven-compat-3.9.4.jar
2024-07-24 09:41:04,235 [Worker-4: Launching mavenrun-8367b7f0-0393-417f-955b-df0f828b6ab5] INFO  o.eclipse.m2e.core.internal.Bundles - 	Entry: C:\Users\ankit\.p2\pool\plugins\org.eclipse.m2e.maven.runtime_3.9.400.20230826-0755\jars\maven-core-3.9.4.jar
2024-07-24 09:41:04,235 [Worker-4: Launching mavenrun-8367b7f0-0393-417f-955b-df0f828b6ab5] INFO  o.eclipse.m2e.core.internal.Bundles - 	Entry: C:\Users\ankit\.p2\pool\plugins\org.eclipse.m2e.maven.runtime_3.9.400.20230826-0755\jars\maven-embedder-3.9.4.jar
2024-07-24 09:41:04,236 [Worker-4: Launching mavenrun-8367b7f0-0393-417f-955b-df0f828b6ab5] INFO  o.eclipse.m2e.core.internal.Bundles - 	Entry: C:\Users\ankit\.p2\pool\plugins\org.eclipse.m2e.maven.runtime_3.9.400.20230826-0755\jars\maven-model-3.9.4.jar
2024-07-24 09:41:04,236 [Worker-4: Launching mavenrun-8367b7f0-0393-417f-955b-df0f828b6ab5] INFO  o.eclipse.m2e.core.internal.Bundles - 	Entry: C:\Users\ankit\.p2\pool\plugins\org.eclipse.m2e.maven.runtime_3.9.400.20230826-0755\jars\maven-model-builder-3.9.4.jar
2024-07-24 09:41:04,236 [Worker-4: Launching mavenrun-8367b7f0-0393-417f-955b-df0f828b6ab5] INFO  o.eclipse.m2e.core.internal.Bundles - 	Entry: C:\Users\ankit\.p2\pool\plugins\org.eclipse.m2e.maven.runtime_3.9.400.20230826-0755\jars\maven-plugin-api-3.9.4.jar
2024-07-24 09:41:04,236 [Worker-4: Launching mavenrun-8367b7f0-0393-417f-955b-df0f828b6ab5] INFO  o.eclipse.m2e.core.internal.Bundles - 	Entry: C:\Users\ankit\.p2\pool\plugins\org.eclipse.m2e.maven.runtime_3.9.400.20230826-0755\jars\maven-repository-metadata-3.9.4.jar
2024-07-24 09:41:04,236 [Worker-4: Launching mavenrun-8367b7f0-0393-417f-955b-df0f828b6ab5] INFO  o.eclipse.m2e.core.internal.Bundles - 	Entry: C:\Users\ankit\.p2\pool\plugins\org.eclipse.m2e.maven.runtime_3.9.400.20230826-0755\jars\maven-resolver-api-1.9.14.jar
2024-07-24 09:41:04,236 [Worker-4: Launching mavenrun-8367b7f0-0393-417f-955b-df0f828b6ab5] INFO  o.eclipse.m2e.core.internal.Bundles - 	Entry: C:\Users\ankit\.p2\pool\plugins\org.eclipse.m2e.maven.runtime_3.9.400.20230826-0755\jars\maven-resolver-connector-basic-1.9.14.jar
2024-07-24 09:41:04,237 [Worker-4: Launching mavenrun-8367b7f0-0393-417f-955b-df0f828b6ab5] INFO  o.eclipse.m2e.core.internal.Bundles - 	Entry: C:\Users\ankit\.p2\pool\plugins\org.eclipse.m2e.maven.runtime_3.9.400.20230826-0755\jars\maven-resolver-impl-1.9.14.jar
2024-07-24 09:41:04,237 [Worker-4: Launching mavenrun-8367b7f0-0393-417f-955b-df0f828b6ab5] INFO  o.eclipse.m2e.core.internal.Bundles - 	Entry: C:\Users\ankit\.p2\pool\plugins\org.eclipse.m2e.maven.runtime_3.9.400.20230826-0755\jars\maven-resolver-named-locks-1.9.14.jar
2024-07-24 09:41:04,237 [Worker-4: Launching mavenrun-8367b7f0-0393-417f-955b-df0f828b6ab5] INFO  o.eclipse.m2e.core.internal.Bundles - 	Entry: C:\Users\ankit\.p2\pool\plugins\org.eclipse.m2e.maven.runtime_3.9.400.20230826-0755\jars\maven-resolver-provider-3.9.4.jar
2024-07-24 09:41:04,237 [Worker-4: Launching mavenrun-8367b7f0-0393-417f-955b-df0f828b6ab5] INFO  o.eclipse.m2e.core.internal.Bundles - 	Entry: C:\Users\ankit\.p2\pool\plugins\org.eclipse.m2e.maven.runtime_3.9.400.20230826-0755\jars\maven-resolver-spi-1.9.14.jar
2024-07-24 09:41:04,237 [Worker-4: Launching mavenrun-8367b7f0-0393-417f-955b-df0f828b6ab5] INFO  o.eclipse.m2e.core.internal.Bundles - 	Entry: C:\Users\ankit\.p2\pool\plugins\org.eclipse.m2e.maven.runtime_3.9.400.20230826-0755\jars\maven-resolver-transport-wagon-1.9.14.jar
2024-07-24 09:41:04,237 [Worker-4: Launching mavenrun-8367b7f0-0393-417f-955b-df0f828b6ab5] INFO  o.eclipse.m2e.core.internal.Bundles - 	Entry: C:\Users\ankit\.p2\pool\plugins\org.eclipse.m2e.maven.runtime_3.9.400.20230826-0755\jars\maven-resolver-util-1.9.14.jar
2024-07-24 09:41:04,237 [Worker-4: Launching mavenrun-8367b7f0-0393-417f-955b-df0f828b6ab5] INFO  o.eclipse.m2e.core.internal.Bundles - 	Entry: C:\Users\ankit\.p2\pool\plugins\org.eclipse.m2e.maven.runtime_3.9.400.20230826-0755\jars\maven-settings-3.9.4.jar
2024-07-24 09:41:04,238 [Worker-4: Launching mavenrun-8367b7f0-0393-417f-955b-df0f828b6ab5] INFO  o.eclipse.m2e.core.internal.Bundles - 	Entry: C:\Users\ankit\.p2\pool\plugins\org.eclipse.m2e.maven.runtime_3.9.400.20230826-0755\jars\maven-settings-builder-3.9.4.jar
2024-07-24 09:41:04,238 [Worker-4: Launching mavenrun-8367b7f0-0393-417f-955b-df0f828b6ab5] INFO  o.eclipse.m2e.core.internal.Bundles - 	Entry: C:\Users\ankit\.p2\pool\plugins\org.eclipse.m2e.maven.runtime_3.9.400.20230826-0755\jars\maven-shared-utils-3.3.4.jar
2024-07-24 09:41:04,238 [Worker-4: Launching mavenrun-8367b7f0-0393-417f-955b-df0f828b6ab5] INFO  o.eclipse.m2e.core.internal.Bundles - 	Entry: C:\Users\ankit\.p2\pool\plugins\org.eclipse.m2e.maven.runtime_3.9.400.20230826-0755\jars\okhttp-3.14.1.jar
2024-07-24 09:41:04,238 [Worker-4: Launching mavenrun-8367b7f0-0393-417f-955b-df0f828b6ab5] INFO  o.eclipse.m2e.core.internal.Bundles - 	Entry: C:\Users\ankit\.p2\pool\plugins\org.eclipse.m2e.maven.runtime_3.9.400.20230826-0755\jars\okio-1.17.3.jar
2024-07-24 09:41:04,238 [Worker-4: Launching mavenrun-8367b7f0-0393-417f-955b-df0f828b6ab5] INFO  o.eclipse.m2e.core.internal.Bundles - 	Entry: C:\Users\ankit\.p2\pool\plugins\org.eclipse.m2e.maven.runtime_3.9.400.20230826-0755\jars\org.eclipse.sisu.inject-0.3.5.jar
2024-07-24 09:41:04,238 [Worker-4: Launching mavenrun-8367b7f0-0393-417f-955b-df0f828b6ab5] INFO  o.eclipse.m2e.core.internal.Bundles - 	Entry: C:\Users\ankit\.p2\pool\plugins\org.eclipse.m2e.maven.runtime_3.9.400.20230826-0755\jars\org.eclipse.sisu.plexus-0.3.5.jar
2024-07-24 09:41:04,239 [Worker-4: Launching mavenrun-8367b7f0-0393-417f-955b-df0f828b6ab5] INFO  o.eclipse.m2e.core.internal.Bundles - 	Entry: C:\Users\ankit\.p2\pool\plugins\org.eclipse.m2e.maven.runtime_3.9.400.20230826-0755\jars\plexus-build-api-0.0.7.jar
2024-07-24 09:41:04,239 [Worker-4: Launching mavenrun-8367b7f0-0393-417f-955b-df0f828b6ab5] INFO  o.eclipse.m2e.core.internal.Bundles - 	Entry: C:\Users\ankit\.p2\pool\plugins\org.eclipse.m2e.maven.runtime_3.9.400.20230826-0755\jars\plexus-cipher-2.0.jar
2024-07-24 09:41:04,239 [Worker-4: Launching mavenrun-8367b7f0-0393-417f-955b-df0f828b6ab5] INFO  o.eclipse.m2e.core.internal.Bundles - 	Entry: C:\Users\ankit\.p2\pool\plugins\org.eclipse.m2e.maven.runtime_3.9.400.20230826-0755\jars\plexus-classworlds-2.7.0.jar
2024-07-24 09:41:04,239 [Worker-4: Launching mavenrun-8367b7f0-0393-417f-955b-df0f828b6ab5] INFO  o.eclipse.m2e.core.internal.Bundles - 	Entry: C:\Users\ankit\.p2\pool\plugins\org.eclipse.m2e.maven.runtime_3.9.400.20230826-0755\jars\plexus-component-annotations-2.1.0.jar
2024-07-24 09:41:04,239 [Worker-4: Launching mavenrun-8367b7f0-0393-417f-955b-df0f828b6ab5] INFO  o.eclipse.m2e.core.internal.Bundles - 	Entry: C:\Users\ankit\.p2\pool\plugins\org.eclipse.m2e.maven.runtime_3.9.400.20230826-0755\jars\plexus-interpolation-1.26.jar
2024-07-24 09:41:04,239 [Worker-4: Launching mavenrun-8367b7f0-0393-417f-955b-df0f828b6ab5] INFO  o.eclipse.m2e.core.internal.Bundles - 	Entry: C:\Users\ankit\.p2\pool\plugins\org.eclipse.m2e.maven.runtime_3.9.400.20230826-0755\jars\plexus-sec-dispatcher-2.0.jar
2024-07-24 09:41:04,239 [Worker-4: Launching mavenrun-8367b7f0-0393-417f-955b-df0f828b6ab5] INFO  o.eclipse.m2e.core.internal.Bundles - 	Entry: C:\Users\ankit\.p2\pool\plugins\org.eclipse.m2e.maven.runtime_3.9.400.20230826-0755\jars\plexus-utils-3.5.1.jar
2024-07-24 09:41:04,240 [Worker-4: Launching mavenrun-8367b7f0-0393-417f-955b-df0f828b6ab5] INFO  o.eclipse.m2e.core.internal.Bundles - 	Entry: C:\Users\ankit\.p2\pool\plugins\org.eclipse.m2e.maven.runtime_3.9.400.20230826-0755\jars\wagon-file-3.5.3.jar
2024-07-24 09:41:04,240 [Worker-4: Launching mavenrun-8367b7f0-0393-417f-955b-df0f828b6ab5] INFO  o.eclipse.m2e.core.internal.Bundles - 	Entry: C:\Users\ankit\.p2\pool\plugins\org.eclipse.m2e.maven.runtime_3.9.400.20230826-0755\jars\wagon-provider-api-3.5.3.jar
2024-07-24 09:41:04,241 [Worker-4: Launching mavenrun-8367b7f0-0393-417f-955b-df0f828b6ab5] INFO  o.eclipse.m2e.core.internal.Bundles - getClasspathEntries(Bundle=com.google.guava_32.1.2.jre [440])
2024-07-24 09:41:04,242 [Worker-4: Launching mavenrun-8367b7f0-0393-417f-955b-df0f828b6ab5] INFO  o.eclipse.m2e.core.internal.Bundles - 	Entry: C:\Users\ankit\.p2\pool\plugins\com.google.guava_32.1.2.jre.jar
2024-07-24 09:41:04,242 [Worker-4: Launching mavenrun-8367b7f0-0393-417f-955b-df0f828b6ab5] INFO  o.eclipse.m2e.core.internal.Bundles - getClasspathEntries(Bundle=slf4j.api_2.0.9 [793])
2024-07-24 09:41:04,242 [Worker-4: Launching mavenrun-8367b7f0-0393-417f-955b-df0f828b6ab5] INFO  o.eclipse.m2e.core.internal.Bundles - 	Entry: C:\Users\ankit\.p2\pool\plugins\slf4j.api_2.0.9.jar
2024-07-24 09:41:04,242 [Worker-4: Launching mavenrun-8367b7f0-0393-417f-955b-df0f828b6ab5] INFO  o.eclipse.m2e.core.internal.Bundles - getClasspathEntries(Bundle=javax.inject_1.0.0.v20220405-0441 [18])
2024-07-24 09:41:04,242 [Worker-4: Launching mavenrun-8367b7f0-0393-417f-955b-df0f828b6ab5] INFO  o.eclipse.m2e.core.internal.Bundles - 	Entry: C:\Users\ankit\.p2\pool\plugins\javax.inject_1.0.0.v20220405-0441.jar
2024-07-24 09:41:04,242 [Worker-4: Launching mavenrun-8367b7f0-0393-417f-955b-df0f828b6ab5] INFO  o.eclipse.m2e.core.internal.Bundles - getClasspathEntries(Bundle=javax.annotation_1.3.5.v20221112-0806 [16])
2024-07-24 09:41:04,243 [Worker-4: Launching mavenrun-8367b7f0-0393-417f-955b-df0f828b6ab5] INFO  o.eclipse.m2e.core.internal.Bundles - 	Entry: C:\Users\ankit\.p2\pool\plugins\javax.annotation_1.3.5.v20221112-0806.jar
2024-07-24 09:41:04,243 [Worker-4: Launching mavenrun-8367b7f0-0393-417f-955b-df0f828b6ab5] INFO  o.eclipse.m2e.core.internal.Bundles - getClasspathEntries(Bundle=org.apache.commons.cli_1.5.0 [463])
2024-07-24 09:41:04,243 [Worker-4: Launching mavenrun-8367b7f0-0393-417f-955b-df0f828b6ab5] INFO  o.eclipse.m2e.core.internal.Bundles - 	Entry: C:\Users\ankit\.p2\pool\plugins\org.apache.commons.cli_1.5.0.jar
2024-07-24 09:41:04,243 [Worker-4: Launching mavenrun-8367b7f0-0393-417f-955b-df0f828b6ab5] INFO  o.eclipse.m2e.core.internal.Bundles - getClasspathEntries(Bundle=com.google.guava.failureaccess_1.0.1 [442])
2024-07-24 09:41:04,243 [Worker-4: Launching mavenrun-8367b7f0-0393-417f-955b-df0f828b6ab5] INFO  o.eclipse.m2e.core.internal.Bundles - 	Entry: C:\Users\ankit\.p2\pool\plugins\com.google.guava.failureaccess_1.0.1.jar
2024-07-24 09:41:04,414 [Worker-4: Launching mavenrun-8367b7f0-0393-417f-955b-df0f828b6ab5] INFO  o.e.m.i.launch.MavenLaunchDelegate - Run build in "C:\Users\ankit\AppData\Local\Temp\m2e-archetypeGenerator18154021803416063271":
2024-07-24 09:41:04,416 [Worker-4: Launching mavenrun-8367b7f0-0393-417f-955b-df0f828b6ab5] INFO  o.e.m.i.launch.MavenLaunchDelegate -  mvn  -DarchetypeGroupId=org.apache.maven.archetypes -DarchetypeArtifactId=maven-archetype-quickstart -DarchetypeVersion=1.1 -DgroupId=Com -DartifactId=EmailContentGenerator -Dversion=0.0.1-SNAPSHOT -Dpackage=Com.EmailContentGenerator -DoutputDirectory=C:\Users\ankit\OneDrive\Documents\ContentGenerator -Dstyle.color=always -U archetype:generate
2024-07-24 09:41:16,750 [Worker-9: Creating maven-archetype-quickstart] INFO  o.e.m.c.i.p.ProjectConfigurationManager - Collecting project info '/pom.xml' C:\Users\ankit\OneDrive\Documents\ContentGenerator\EmailContentGenerator\pom.xml
2024-07-24 09:41:18,923 [Worker-9: Creating maven-archetype-quickstart] INFO  o.e.m.c.i.l.LifecycleMappingFactory - Using org.eclipse.m2e.jdt.JarLifecycleMapping lifecycle mapping for MavenProject: Com:EmailContentGenerator:0.0.1-SNAPSHOT @ C:\Users\ankit\OneDrive\Documents\ContentGenerator\EmailContentGenerator\pom.xml.
2024-07-24 09:41:20,240 [Worker-9: Creating maven-archetype-quickstart] INFO  o.e.m.j.i.AbstractJavaProjectConfigurator - Adding source folder /EmailContentGenerator/src/main/java
2024-07-24 09:41:20,241 [Worker-9: Creating maven-archetype-quickstart] INFO  o.e.m.j.i.AbstractJavaProjectConfigurator - Adding resource folder /EmailContentGenerator/src/main/resources
2024-07-24 09:41:20,252 [Worker-9: Creating maven-archetype-quickstart] INFO  o.e.m.j.i.AbstractJavaProjectConfigurator - Adding source folder /EmailContentGenerator/src/test/java
2024-07-24 09:41:20,253 [Worker-9: Creating maven-archetype-quickstart] INFO  o.e.m.j.i.AbstractJavaProjectConfigurator - Adding resource folder /EmailContentGenerator/src/test/resources
2024-07-24 09:41:20,407 [Worker-9: Creating maven-archetype-quickstart] INFO  o.e.m.c.i.p.ProjectConfigurationManager - Imported and configured 1 project(s) in 3 sec
2024-07-24 09:41:21,395 [Worker-4: Building] INFO  o.a.m.s.f.DefaultMavenResourcesFiltering - skip non existing resourceDirectory C:\Users\ankit\OneDrive\Documents\ContentGenerator\EmailContentGenerator\src\main\resources
2024-07-24 09:41:21,399 [Worker-4: Building] INFO  o.a.m.s.f.DefaultMavenResourcesFiltering - skip non existing resourceDirectory C:\Users\ankit\OneDrive\Documents\ContentGenerator\EmailContentGenerator\src\test\resources
2024-07-24 09:42:29,733 [Worker-3: Building] INFO  o.e.m.c.i.l.LifecycleMappingFactory - Using org.eclipse.m2e.jdt.JarLifecycleMapping lifecycle mapping for MavenProject: Com:EmailContentGenerator:0.0.1-SNAPSHOT @ C:\Users\ankit\OneDrive\Documents\ContentGenerator\EmailContentGenerator\pom.xml.
2024-07-24 09:42:33,545 [Worker-3: Building] WARN  o.e.m.c.i.embedder.EclipseLogger - The artifact mysql:mysql-connector-java:jar:8.0.33 has been relocated to com.mysql:mysql-connector-j:jar:8.0.33: MySQL Connector/J artifacts moved to reverse-DNS compliant Maven 2+ coordinates.
2024-07-24 09:42:38,191 [Worker-3: Building] INFO  o.a.m.s.f.DefaultMavenResourcesFiltering - skip non existing resourceDirectory C:\Users\ankit\OneDrive\Documents\ContentGenerator\EmailContentGenerator\src\main\resources
2024-07-24 09:42:38,195 [Worker-3: Building] INFO  o.a.m.s.f.DefaultMavenResourcesFiltering - skip non existing resourceDirectory C:\Users\ankit\OneDrive\Documents\ContentGenerator\EmailContentGenerator\src\test\resources
2024-07-24 09:42:41,117 [Worker-1: Building] INFO  o.a.m.s.f.DefaultMavenResourcesFiltering - skip non existing resourceDirectory C:\Users\ankit\OneDrive\Documents\ContentGenerator\EmailContentGenerator\src\main\resources
2024-07-24 09:42:41,120 [Worker-1: Building] INFO  o.a.m.s.f.DefaultMavenResourcesFiltering - skip non existing resourceDirectory C:\Users\ankit\OneDrive\Documents\ContentGenerator\EmailContentGenerator\src\test\resources
2024-07-24 09:42:45,141 [Worker-9: Building] INFO  o.a.m.s.f.DefaultMavenResourcesFiltering - skip non existing resourceDirectory C:\Users\ankit\OneDrive\Documents\ContentGenerator\EmailContentGenerator\src\main\resources
2024-07-24 09:42:45,143 [Worker-9: Building] INFO  o.a.m.s.f.DefaultMavenResourcesFiltering - skip non existing resourceDirectory C:\Users\ankit\OneDrive\Documents\ContentGenerator\EmailContentGenerator\src\test\resources
2024-07-24 09:43:02,848 [Worker-10: Building] INFO  o.a.m.s.f.DefaultMavenResourcesFiltering - skip non existing resourceDirectory C:\Users\ankit\OneDrive\Documents\ContentGenerator\EmailContentGenerator\src\main\resources
2024-07-24 09:43:02,852 [Worker-10: Building] INFO  o.a.m.s.f.DefaultMavenResourcesFiltering - skip non existing resourceDirectory C:\Users\ankit\OneDrive\Documents\ContentGenerator\EmailContentGenerator\src\test\resources
2024-07-24 09:43:24,478 [Worker-1: Building] INFO  o.a.m.s.f.DefaultMavenResourcesFiltering - skip non existing resourceDirectory C:\Users\ankit\OneDrive\Documents\ContentGenerator\EmailContentGenerator\src\main\resources
2024-07-24 09:43:24,481 [Worker-1: Building] INFO  o.a.m.s.f.DefaultMavenResourcesFiltering - skip non existing resourceDirectory C:\Users\ankit\OneDrive\Documents\ContentGenerator\EmailContentGenerator\src\test\resources
2024-07-24 09:43:46,137 [Worker-8: Building] INFO  o.a.m.s.f.DefaultMavenResourcesFiltering - skip non existing resourceDirectory C:\Users\ankit\OneDrive\Documents\ContentGenerator\EmailContentGenerator\src\main\resources
2024-07-24 09:43:46,140 [Worker-8: Building] INFO  o.a.m.s.f.DefaultMavenResourcesFiltering - skip non existing resourceDirectory C:\Users\ankit\OneDrive\Documents\ContentGenerator\EmailContentGenerator\src\test\resources
2024-07-24 09:43:54,165 [Worker-6: Building] INFO  o.a.m.s.f.DefaultMavenResourcesFiltering - skip non existing resourceDirectory C:\Users\ankit\OneDrive\Documents\ContentGenerator\EmailContentGenerator\src\main\resources
2024-07-24 09:43:54,167 [Worker-6: Building] INFO  o.a.m.s.f.DefaultMavenResourcesFiltering - skip non existing resourceDirectory C:\Users\ankit\OneDrive\Documents\ContentGenerator\EmailContentGenerator\src\test\resources
2024-07-24 09:44:08,714 [Worker-8: Building] INFO  o.a.m.s.f.DefaultMavenResourcesFiltering - skip non existing resourceDirectory C:\Users\ankit\OneDrive\Documents\ContentGenerator\EmailContentGenerator\src\main\resources
2024-07-24 09:44:08,716 [Worker-8: Building] INFO  o.a.m.s.f.DefaultMavenResourcesFiltering - skip non existing resourceDirectory C:\Users\ankit\OneDrive\Documents\ContentGenerator\EmailContentGenerator\src\test\resources
2024-07-24 09:44:12,916 [Worker-9: Building] INFO  o.a.m.s.f.DefaultMavenResourcesFiltering - skip non existing resourceDirectory C:\Users\ankit\OneDrive\Documents\ContentGenerator\EmailContentGenerator\src\main\resources
2024-07-24 09:44:12,919 [Worker-9: Building] INFO  o.a.m.s.f.DefaultMavenResourcesFiltering - skip non existing resourceDirectory C:\Users\ankit\OneDrive\Documents\ContentGenerator\EmailContentGenerator\src\test\resources
2024-07-24 09:48:45,292 [Worker-9: Building] INFO  o.a.m.s.f.DefaultMavenResourcesFiltering - skip non existing resourceDirectory C:\Users\ankit\OneDrive\Documents\ContentGenerator\EmailContentGenerator\src\main\resources
2024-07-24 09:48:45,294 [Worker-9: Building] INFO  o.a.m.s.f.DefaultMavenResourcesFiltering - skip non existing resourceDirectory C:\Users\ankit\OneDrive\Documents\ContentGenerator\EmailContentGenerator\src\test\resources
2024-07-24 09:49:38,241 [Worker-9: Building] INFO  o.a.m.s.f.DefaultMavenResourcesFiltering - skip non existing resourceDirectory C:\Users\ankit\OneDrive\Documents\ContentGenerator\EmailContentGenerator\src\main\resources
2024-07-24 09:49:38,244 [Worker-9: Building] INFO  o.a.m.s.f.DefaultMavenResourcesFiltering - skip non existing resourceDirectory C:\Users\ankit\OneDrive\Documents\ContentGenerator\EmailContentGenerator\src\test\resources
2024-07-24 09:50:03,603 [Worker-9: Building] INFO  o.a.m.s.f.DefaultMavenResourcesFiltering - skip non existing resourceDirectory C:\Users\ankit\OneDrive\Documents\ContentGenerator\EmailContentGenerator\src\main\resources
2024-07-24 09:50:03,606 [Worker-9: Building] INFO  o.a.m.s.f.DefaultMavenResourcesFiltering - skip non existing resourceDirectory C:\Users\ankit\OneDrive\Documents\ContentGenerator\EmailContentGenerator\src\test\resources
2024-07-24 09:50:10,258 [Worker-16: Building] INFO  o.a.m.s.f.DefaultMavenResourcesFiltering - skip non existing resourceDirectory C:\Users\ankit\OneDrive\Documents\ContentGenerator\EmailContentGenerator\src\main\resources
2024-07-24 09:50:10,260 [Worker-16: Building] INFO  o.a.m.s.f.DefaultMavenResourcesFiltering - skip non existing resourceDirectory C:\Users\ankit\OneDrive\Documents\ContentGenerator\EmailContentGenerator\src\test\resources
2024-07-24 09:50:15,631 [Worker-16: Building] INFO  o.a.m.s.f.DefaultMavenResourcesFiltering - skip non existing resourceDirectory C:\Users\ankit\OneDrive\Documents\ContentGenerator\EmailContentGenerator\src\main\resources
2024-07-24 09:50:15,634 [Worker-16: Building] INFO  o.a.m.s.f.DefaultMavenResourcesFiltering - skip non existing resourceDirectory C:\Users\ankit\OneDrive\Documents\ContentGenerator\EmailContentGenerator\src\test\resources
2024-07-24 09:50:20,713 [Worker-17: Building] INFO  o.a.m.s.f.DefaultMavenResourcesFiltering - skip non existing resourceDirectory C:\Users\ankit\OneDrive\Documents\ContentGenerator\EmailContentGenerator\src\main\resources
2024-07-24 09:50:20,715 [Worker-17: Building] INFO  o.a.m.s.f.DefaultMavenResourcesFiltering - skip non existing resourceDirectory C:\Users\ankit\OneDrive\Documents\ContentGenerator\EmailContentGenerator\src\test\resources
2024-07-24 09:50:30,067 [Worker-6: Building] INFO  o.a.m.s.f.DefaultMavenResourcesFiltering - skip non existing resourceDirectory C:\Users\ankit\OneDrive\Documents\ContentGenerator\EmailContentGenerator\src\main\resources
2024-07-24 09:50:30,069 [Worker-6: Building] INFO  o.a.m.s.f.DefaultMavenResourcesFiltering - skip non existing resourceDirectory C:\Users\ankit\OneDrive\Documents\ContentGenerator\EmailContentGenerator\src\test\resources
2024-07-24 09:50:44,121 [Worker-18: Building] INFO  o.a.m.s.f.DefaultMavenResourcesFiltering - skip non existing resourceDirectory C:\Users\ankit\OneDrive\Documents\ContentGenerator\EmailContentGenerator\src\main\resources
2024-07-24 09:50:44,123 [Worker-18: Building] INFO  o.a.m.s.f.DefaultMavenResourcesFiltering - skip non existing resourceDirectory C:\Users\ankit\OneDrive\Documents\ContentGenerator\EmailContentGenerator\src\test\resources
2024-07-24 09:50:49,104 [Worker-16: Building] INFO  o.a.m.s.f.DefaultMavenResourcesFiltering - skip non existing resourceDirectory C:\Users\ankit\OneDrive\Documents\ContentGenerator\EmailContentGenerator\src\main\resources
2024-07-24 09:50:49,105 [Worker-16: Building] INFO  o.a.m.s.f.DefaultMavenResourcesFiltering - skip non existing resourceDirectory C:\Users\ankit\OneDrive\Documents\ContentGenerator\EmailContentGenerator\src\test\resources
2024-07-24 09:50:56,415 [Worker-15: Building] INFO  o.a.m.s.f.DefaultMavenResourcesFiltering - skip non existing resourceDirectory C:\Users\ankit\OneDrive\Documents\ContentGenerator\EmailContentGenerator\src\main\resources
2024-07-24 09:50:56,417 [Worker-15: Building] INFO  o.a.m.s.f.DefaultMavenResourcesFiltering - skip non existing resourceDirectory C:\Users\ankit\OneDrive\Documents\ContentGenerator\EmailContentGenerator\src\test\resources
2024-07-24 09:51:30,776 [Worker-15: Building] INFO  o.a.m.s.f.DefaultMavenResourcesFiltering - skip non existing resourceDirectory C:\Users\ankit\OneDrive\Documents\ContentGenerator\EmailContentGenerator\src\main\resources
2024-07-24 09:51:30,778 [Worker-15: Building] INFO  o.a.m.s.f.DefaultMavenResourcesFiltering - skip non existing resourceDirectory C:\Users\ankit\OneDrive\Documents\ContentGenerator\EmailContentGenerator\src\test\resources
2024-07-24 09:51:39,981 [Worker-16: Building] INFO  o.a.m.s.f.DefaultMavenResourcesFiltering - skip non existing resourceDirectory C:\Users\ankit\OneDrive\Documents\ContentGenerator\EmailContentGenerator\src\main\resources
2024-07-24 09:51:39,983 [Worker-16: Building] INFO  o.a.m.s.f.DefaultMavenResourcesFiltering - skip non existing resourceDirectory C:\Users\ankit\OneDrive\Documents\ContentGenerator\EmailContentGenerator\src\test\resources
2024-07-24 09:51:45,085 [Worker-17: Building] INFO  o.a.m.s.f.DefaultMavenResourcesFiltering - skip non existing resourceDirectory C:\Users\ankit\OneDrive\Documents\ContentGenerator\EmailContentGenerator\src\main\resources
2024-07-24 09:51:45,087 [Worker-17: Building] INFO  o.a.m.s.f.DefaultMavenResourcesFiltering - skip non existing resourceDirectory C:\Users\ankit\OneDrive\Documents\ContentGenerator\EmailContentGenerator\src\test\resources
2024-07-24 09:52:56,778 [Worker-18: Building] INFO  o.a.m.s.f.DefaultMavenResourcesFiltering - skip non existing resourceDirectory C:\Users\ankit\OneDrive\Documents\ContentGenerator\EmailContentGenerator\src\main\resources
2024-07-24 09:52:56,781 [Worker-18: Building] INFO  o.a.m.s.f.DefaultMavenResourcesFiltering - skip non existing resourceDirectory C:\Users\ankit\OneDrive\Documents\ContentGenerator\EmailContentGenerator\src\test\resources
2024-07-24 09:53:23,004 [Worker-17: Building] INFO  o.a.m.s.f.DefaultMavenResourcesFiltering - skip non existing resourceDirectory C:\Users\ankit\OneDrive\Documents\ContentGenerator\EmailContentGenerator\src\main\resources
2024-07-24 09:53:23,006 [Worker-17: Building] INFO  o.a.m.s.f.DefaultMavenResourcesFiltering - skip non existing resourceDirectory C:\Users\ankit\OneDrive\Documents\ContentGenerator\EmailContentGenerator\src\test\resources
2024-07-24 09:53:27,884 [Worker-16: Building] INFO  o.a.m.s.f.DefaultMavenResourcesFiltering - skip non existing resourceDirectory C:\Users\ankit\OneDrive\Documents\ContentGenerator\EmailContentGenerator\src\main\resources
2024-07-24 09:53:27,887 [Worker-16: Building] INFO  o.a.m.s.f.DefaultMavenResourcesFiltering - skip non existing resourceDirectory C:\Users\ankit\OneDrive\Documents\ContentGenerator\EmailContentGenerator\src\test\resources
2024-07-24 09:53:42,196 [Worker-9: Building] INFO  o.a.m.s.f.DefaultMavenResourcesFiltering - skip non existing resourceDirectory C:\Users\ankit\OneDrive\Documents\ContentGenerator\EmailContentGenerator\src\main\resources
2024-07-24 09:53:42,198 [Worker-9: Building] INFO  o.a.m.s.f.DefaultMavenResourcesFiltering - skip non existing resourceDirectory C:\Users\ankit\OneDrive\Documents\ContentGenerator\EmailContentGenerator\src\test\resources
2024-07-24 09:53:48,418 [Worker-15: Building] INFO  o.a.m.s.f.DefaultMavenResourcesFiltering - skip non existing resourceDirectory C:\Users\ankit\OneDrive\Documents\ContentGenerator\EmailContentGenerator\src\main\resources
2024-07-24 09:53:48,420 [Worker-15: Building] INFO  o.a.m.s.f.DefaultMavenResourcesFiltering - skip non existing resourceDirectory C:\Users\ankit\OneDrive\Documents\ContentGenerator\EmailContentGenerator\src\test\resources
2024-07-24 09:53:57,352 [Worker-6: Building] INFO  o.a.m.s.f.DefaultMavenResourcesFiltering - skip non existing resourceDirectory C:\Users\ankit\OneDrive\Documents\ContentGenerator\EmailContentGenerator\src\main\resources
2024-07-24 09:53:57,354 [Worker-6: Building] INFO  o.a.m.s.f.DefaultMavenResourcesFiltering - skip non existing resourceDirectory C:\Users\ankit\OneDrive\Documents\ContentGenerator\EmailContentGenerator\src\test\resources
2024-07-24 09:54:03,081 [Worker-9: Building] INFO  o.a.m.s.f.DefaultMavenResourcesFiltering - skip non existing resourceDirectory C:\Users\ankit\OneDrive\Documents\ContentGenerator\EmailContentGenerator\src\main\resources
2024-07-24 09:54:03,083 [Worker-9: Building] INFO  o.a.m.s.f.DefaultMavenResourcesFiltering - skip non existing resourceDirectory C:\Users\ankit\OneDrive\Documents\ContentGenerator\EmailContentGenerator\src\test\resources
2024-07-24 09:54:08,853 [Worker-19: Building] INFO  o.a.m.s.f.DefaultMavenResourcesFiltering - skip non existing resourceDirectory C:\Users\ankit\OneDrive\Documents\ContentGenerator\EmailContentGenerator\src\main\resources
2024-07-24 09:54:08,855 [Worker-19: Building] INFO  o.a.m.s.f.DefaultMavenResourcesFiltering - skip non existing resourceDirectory C:\Users\ankit\OneDrive\Documents\ContentGenerator\EmailContentGenerator\src\test\resources
2024-07-24 09:55:54,470 [Worker-6: Building] INFO  o.a.m.s.f.DefaultMavenResourcesFiltering - skip non existing resourceDirectory C:\Users\ankit\OneDrive\Documents\ContentGenerator\EmailContentGenerator\src\main\resources
2024-07-24 09:55:54,472 [Worker-6: Building] INFO  o.a.m.s.f.DefaultMavenResourcesFiltering - skip non existing resourceDirectory C:\Users\ankit\OneDrive\Documents\ContentGenerator\EmailContentGenerator\src\test\resources
2024-07-24 09:56:05,467 [Worker-21: Building] INFO  o.a.m.s.f.DefaultMavenResourcesFiltering - skip non existing resourceDirectory C:\Users\ankit\OneDrive\Documents\ContentGenerator\EmailContentGenerator\src\main\resources
2024-07-24 09:56:05,469 [Worker-21: Building] INFO  o.a.m.s.f.DefaultMavenResourcesFiltering - skip non existing resourceDirectory C:\Users\ankit\OneDrive\Documents\ContentGenerator\EmailContentGenerator\src\test\resources
2024-07-24 09:56:11,293 [Worker-6: Building] INFO  o.a.m.s.f.DefaultMavenResourcesFiltering - skip non existing resourceDirectory C:\Users\ankit\OneDrive\Documents\ContentGenerator\EmailContentGenerator\src\main\resources
2024-07-24 09:56:11,294 [Worker-6: Building] INFO  o.a.m.s.f.DefaultMavenResourcesFiltering - skip non existing resourceDirectory C:\Users\ankit\OneDrive\Documents\ContentGenerator\EmailContentGenerator\src\test\resources
2024-07-24 09:56:50,980 [Worker-21: Building] INFO  o.a.m.s.f.DefaultMavenResourcesFiltering - skip non existing resourceDirectory C:\Users\ankit\OneDrive\Documents\ContentGenerator\EmailContentGenerator\src\main\resources
2024-07-24 09:56:50,982 [Worker-21: Building] INFO  o.a.m.s.f.DefaultMavenResourcesFiltering - skip non existing resourceDirectory C:\Users\ankit\OneDrive\Documents\ContentGenerator\EmailContentGenerator\src\test\resources
2024-07-24 09:57:08,856 [Worker-17: Building] INFO  o.a.m.s.f.DefaultMavenResourcesFiltering - skip non existing resourceDirectory C:\Users\ankit\OneDrive\Documents\ContentGenerator\EmailContentGenerator\src\main\resources
2024-07-24 09:57:08,858 [Worker-17: Building] INFO  o.a.m.s.f.DefaultMavenResourcesFiltering - skip non existing resourceDirectory C:\Users\ankit\OneDrive\Documents\ContentGenerator\EmailContentGenerator\src\test\resources
2024-07-24 09:58:09,257 [Worker-17: Building] INFO  o.a.m.s.f.DefaultMavenResourcesFiltering - skip non existing resourceDirectory C:\Users\ankit\OneDrive\Documents\ContentGenerator\EmailContentGenerator\src\main\resources
2024-07-24 09:58:09,258 [Worker-17: Building] INFO  o.a.m.s.f.DefaultMavenResourcesFiltering - skip non existing resourceDirectory C:\Users\ankit\OneDrive\Documents\ContentGenerator\EmailContentGenerator\src\test\resources
2024-07-24 09:59:13,307 [Worker-22: Building] INFO  o.a.m.s.f.DefaultMavenResourcesFiltering - skip non existing resourceDirectory C:\Users\ankit\OneDrive\Documents\ContentGenerator\EmailContentGenerator\src\main\resources
2024-07-24 09:59:13,309 [Worker-22: Building] INFO  o.a.m.s.f.DefaultMavenResourcesFiltering - skip non existing resourceDirectory C:\Users\ankit\OneDrive\Documents\ContentGenerator\EmailContentGenerator\src\test\resources
2024-07-24 09:59:56,608 [Worker-17: Building] INFO  o.a.m.s.f.DefaultMavenResourcesFiltering - skip non existing resourceDirectory C:\Users\ankit\OneDrive\Documents\ContentGenerator\EmailContentGenerator\src\main\resources
2024-07-24 09:59:56,610 [Worker-17: Building] INFO  o.a.m.s.f.DefaultMavenResourcesFiltering - skip non existing resourceDirectory C:\Users\ankit\OneDrive\Documents\ContentGenerator\EmailContentGenerator\src\test\resources
2024-07-24 10:00:16,839 [Worker-6: Building] INFO  o.a.m.s.f.DefaultMavenResourcesFiltering - skip non existing resourceDirectory C:\Users\ankit\OneDrive\Documents\ContentGenerator\EmailContentGenerator\src\main\resources
2024-07-24 10:00:16,842 [Worker-6: Building] INFO  o.a.m.s.f.DefaultMavenResourcesFiltering - skip non existing resourceDirectory C:\Users\ankit\OneDrive\Documents\ContentGenerator\EmailContentGenerator\src\test\resources
2024-07-24 10:01:15,879 [Worker-21: Building] INFO  o.a.m.s.f.DefaultMavenResourcesFiltering - skip non existing resourceDirectory C:\Users\ankit\OneDrive\Documents\ContentGenerator\EmailContentGenerator\src\main\resources
2024-07-24 10:01:15,880 [Worker-21: Building] INFO  o.a.m.s.f.DefaultMavenResourcesFiltering - skip non existing resourceDirectory C:\Users\ankit\OneDrive\Documents\ContentGenerator\EmailContentGenerator\src\test\resources
2024-07-24 10:01:20,203 [Worker-22: Building] INFO  o.a.m.s.f.DefaultMavenResourcesFiltering - skip non existing resourceDirectory C:\Users\ankit\OneDrive\Documents\ContentGenerator\EmailContentGenerator\src\main\resources
2024-07-24 10:01:20,205 [Worker-22: Building] INFO  o.a.m.s.f.DefaultMavenResourcesFiltering - skip non existing resourceDirectory C:\Users\ankit\OneDrive\Documents\ContentGenerator\EmailContentGenerator\src\test\resources
2024-07-24 10:01:28,061 [Worker-17: Building] INFO  o.a.m.s.f.DefaultMavenResourcesFiltering - skip non existing resourceDirectory C:\Users\ankit\OneDrive\Documents\ContentGenerator\EmailContentGenerator\src\main\resources
2024-07-24 10:01:28,063 [Worker-17: Building] INFO  o.a.m.s.f.DefaultMavenResourcesFiltering - skip non existing resourceDirectory C:\Users\ankit\OneDrive\Documents\ContentGenerator\EmailContentGenerator\src\test\resources
2024-07-24 10:03:04,897 [Worker-23: Building] INFO  o.a.m.s.f.DefaultMavenResourcesFiltering - skip non existing resourceDirectory C:\Users\ankit\OneDrive\Documents\ContentGenerator\EmailContentGenerator\src\main\resources
2024-07-24 10:03:04,899 [Worker-23: Building] INFO  o.a.m.s.f.DefaultMavenResourcesFiltering - skip non existing resourceDirectory C:\Users\ankit\OneDrive\Documents\ContentGenerator\EmailContentGenerator\src\test\resources
2024-07-24 10:03:19,013 [Worker-23: Building] INFO  o.a.m.s.f.DefaultMavenResourcesFiltering - skip non existing resourceDirectory C:\Users\ankit\OneDrive\Documents\ContentGenerator\EmailContentGenerator\src\main\resources
2024-07-24 10:03:19,015 [Worker-23: Building] INFO  o.a.m.s.f.DefaultMavenResourcesFiltering - skip non existing resourceDirectory C:\Users\ankit\OneDrive\Documents\ContentGenerator\EmailContentGenerator\src\test\resources
2024-07-24 10:03:23,952 [Worker-17: Building] INFO  o.a.m.s.f.DefaultMavenResourcesFiltering - skip non existing resourceDirectory C:\Users\ankit\OneDrive\Documents\ContentGenerator\EmailContentGenerator\src\main\resources
2024-07-24 10:03:23,954 [Worker-17: Building] INFO  o.a.m.s.f.DefaultMavenResourcesFiltering - skip non existing resourceDirectory C:\Users\ankit\OneDrive\Documents\ContentGenerator\EmailContentGenerator\src\test\resources
2024-07-24 10:03:28,314 [Worker-26: Building] INFO  o.a.m.s.f.DefaultMavenResourcesFiltering - skip non existing resourceDirectory C:\Users\ankit\OneDrive\Documents\ContentGenerator\EmailContentGenerator\src\main\resources
2024-07-24 10:03:28,316 [Worker-26: Building] INFO  o.a.m.s.f.DefaultMavenResourcesFiltering - skip non existing resourceDirectory C:\Users\ankit\OneDrive\Documents\ContentGenerator\EmailContentGenerator\src\test\resources
2024-07-24 10:03:33,410 [Worker-25: Building] INFO  o.a.m.s.f.DefaultMavenResourcesFiltering - skip non existing resourceDirectory C:\Users\ankit\OneDrive\Documents\ContentGenerator\EmailContentGenerator\src\main\resources
2024-07-24 10:03:33,411 [Worker-25: Building] INFO  o.a.m.s.f.DefaultMavenResourcesFiltering - skip non existing resourceDirectory C:\Users\ankit\OneDrive\Documents\ContentGenerator\EmailContentGenerator\src\test\resources
2024-07-24 10:03:38,384 [Worker-26: Building] INFO  o.a.m.s.f.DefaultMavenResourcesFiltering - skip non existing resourceDirectory C:\Users\ankit\OneDrive\Documents\ContentGenerator\EmailContentGenerator\src\main\resources
2024-07-24 10:03:38,385 [Worker-26: Building] INFO  o.a.m.s.f.DefaultMavenResourcesFiltering - skip non existing resourceDirectory C:\Users\ankit\OneDrive\Documents\ContentGenerator\EmailContentGenerator\src\test\resources
2024-07-24 10:03:44,110 [Worker-25: Building] INFO  o.a.m.s.f.DefaultMavenResourcesFiltering - skip non existing resourceDirectory C:\Users\ankit\OneDrive\Documents\ContentGenerator\EmailContentGenerator\src\main\resources
2024-07-24 10:03:44,111 [Worker-25: Building] INFO  o.a.m.s.f.DefaultMavenResourcesFiltering - skip non existing resourceDirectory C:\Users\ankit\OneDrive\Documents\ContentGenerator\EmailContentGenerator\src\test\resources
2024-07-24 10:03:49,494 [Worker-28: Building] INFO  o.a.m.s.f.DefaultMavenResourcesFiltering - skip non existing resourceDirectory C:\Users\ankit\OneDrive\Documents\ContentGenerator\EmailContentGenerator\src\main\resources
2024-07-24 10:03:49,496 [Worker-28: Building] INFO  o.a.m.s.f.DefaultMavenResourcesFiltering - skip non existing resourceDirectory C:\Users\ankit\OneDrive\Documents\ContentGenerator\EmailContentGenerator\src\test\resources
2024-07-24 10:04:14,237 [Worker-17: Building] INFO  o.a.m.s.f.DefaultMavenResourcesFiltering - skip non existing resourceDirectory C:\Users\ankit\OneDrive\Documents\ContentGenerator\EmailContentGenerator\src\main\resources
2024-07-24 10:04:14,239 [Worker-17: Building] INFO  o.a.m.s.f.DefaultMavenResourcesFiltering - skip non existing resourceDirectory C:\Users\ankit\OneDrive\Documents\ContentGenerator\EmailContentGenerator\src\test\resources
2024-07-24 10:06:15,536 [Worker-17: Building] INFO  o.a.m.s.f.DefaultMavenResourcesFiltering - skip non existing resourceDirectory C:\Users\ankit\OneDrive\Documents\ContentGenerator\EmailContentGenerator\src\main\resources
2024-07-24 10:06:15,538 [Worker-17: Building] INFO  o.a.m.s.f.DefaultMavenResourcesFiltering - skip non existing resourceDirectory C:\Users\ankit\OneDrive\Documents\ContentGenerator\EmailContentGenerator\src\test\resources
2024-07-24 10:06:33,038 [Worker-25: Building] INFO  o.a.m.s.f.DefaultMavenResourcesFiltering - skip non existing resourceDirectory C:\Users\ankit\OneDrive\Documents\ContentGenerator\EmailContentGenerator\src\main\resources
2024-07-24 10:06:33,040 [Worker-25: Building] INFO  o.a.m.s.f.DefaultMavenResourcesFiltering - skip non existing resourceDirectory C:\Users\ankit\OneDrive\Documents\ContentGenerator\EmailContentGenerator\src\test\resources
2024-07-24 10:06:43,457 [Worker-28: Building] INFO  o.a.m.s.f.DefaultMavenResourcesFiltering - skip non existing resourceDirectory C:\Users\ankit\OneDrive\Documents\ContentGenerator\EmailContentGenerator\src\main\resources
2024-07-24 10:06:43,459 [Worker-28: Building] INFO  o.a.m.s.f.DefaultMavenResourcesFiltering - skip non existing resourceDirectory C:\Users\ankit\OneDrive\Documents\ContentGenerator\EmailContentGenerator\src\test\resources
2024-07-24 10:06:51,543 [Worker-28: Building] INFO  o.a.m.s.f.DefaultMavenResourcesFiltering - skip non existing resourceDirectory C:\Users\ankit\OneDrive\Documents\ContentGenerator\EmailContentGenerator\src\main\resources
2024-07-24 10:06:51,544 [Worker-28: Building] INFO  o.a.m.s.f.DefaultMavenResourcesFiltering - skip non existing resourceDirectory C:\Users\ankit\OneDrive\Documents\ContentGenerator\EmailContentGenerator\src\test\resources
2024-07-24 10:07:25,821 [Worker-26: Building] INFO  o.a.m.s.f.DefaultMavenResourcesFiltering - skip non existing resourceDirectory C:\Users\ankit\OneDrive\Documents\ContentGenerator\EmailContentGenerator\src\main\resources
2024-07-24 10:07:25,822 [Worker-26: Building] INFO  o.a.m.s.f.DefaultMavenResourcesFiltering - skip non existing resourceDirectory C:\Users\ankit\OneDrive\Documents\ContentGenerator\EmailContentGenerator\src\test\resources
2024-07-24 10:09:17,260 [Worker-28: Building] INFO  o.a.m.s.f.DefaultMavenResourcesFiltering - skip non existing resourceDirectory C:\Users\ankit\OneDrive\Documents\ContentGenerator\EmailContentGenerator\src\main\resources
2024-07-24 10:09:17,262 [Worker-28: Building] INFO  o.a.m.s.f.DefaultMavenResourcesFiltering - skip non existing resourceDirectory C:\Users\ankit\OneDrive\Documents\ContentGenerator\EmailContentGenerator\src\test\resources
2024-07-24 10:12:13,725 [Worker-27: Building] INFO  o.a.m.s.f.DefaultMavenResourcesFiltering - skip non existing resourceDirectory C:\Users\ankit\OneDrive\Documents\ContentGenerator\EmailContentGenerator\src\main\resources
2024-07-24 10:12:13,727 [Worker-27: Building] INFO  o.a.m.s.f.DefaultMavenResourcesFiltering - skip non existing resourceDirectory C:\Users\ankit\OneDrive\Documents\ContentGenerator\EmailContentGenerator\src\test\resources
2024-07-24 10:12:17,195 [Worker-17: Building] INFO  o.a.m.s.f.DefaultMavenResourcesFiltering - skip non existing resourceDirectory C:\Users\ankit\OneDrive\Documents\ContentGenerator\EmailContentGenerator\src\main\resources
2024-07-24 10:12:17,197 [Worker-17: Building] INFO  o.a.m.s.f.DefaultMavenResourcesFiltering - skip non existing resourceDirectory C:\Users\ankit\OneDrive\Documents\ContentGenerator\EmailContentGenerator\src\test\resources
2024-07-24 10:16:45,608 [Worker-30: Building] INFO  o.a.m.s.f.DefaultMavenResourcesFiltering - skip non existing resourceDirectory C:\Users\ankit\OneDrive\Documents\ContentGenerator\EmailContentGenerator\src\main\resources
2024-07-24 10:16:45,610 [Worker-30: Building] INFO  o.a.m.s.f.DefaultMavenResourcesFiltering - skip non existing resourceDirectory C:\Users\ankit\OneDrive\Documents\ContentGenerator\EmailContentGenerator\src\test\resources
2024-07-24 10:17:10,338 [Worker-30: Building] INFO  o.a.m.s.f.DefaultMavenResourcesFiltering - skip non existing resourceDirectory C:\Users\ankit\OneDrive\Documents\ContentGenerator\EmailContentGenerator\src\main\resources
2024-07-24 10:17:10,340 [Worker-30: Building] INFO  o.a.m.s.f.DefaultMavenResourcesFiltering - skip non existing resourceDirectory C:\Users\ankit\OneDrive\Documents\ContentGenerator\EmailContentGenerator\src\test\resources
2024-07-24 10:19:19,905 [Worker-34: Building] INFO  o.a.m.s.f.DefaultMavenResourcesFiltering - skip non existing resourceDirectory C:\Users\ankit\OneDrive\Documents\ContentGenerator\EmailContentGenerator\src\main\resources
2024-07-24 10:19:19,907 [Worker-34: Building] INFO  o.a.m.s.f.DefaultMavenResourcesFiltering - skip non existing resourceDirectory C:\Users\ankit\OneDrive\Documents\ContentGenerator\EmailContentGenerator\src\test\resources
2024-07-24 10:19:30,159 [Worker-33: Building] INFO  o.a.m.s.f.DefaultMavenResourcesFiltering - skip non existing resourceDirectory C:\Users\ankit\OneDrive\Documents\ContentGenerator\EmailContentGenerator\src\main\resources
2024-07-24 10:19:30,161 [Worker-33: Building] INFO  o.a.m.s.f.DefaultMavenResourcesFiltering - skip non existing resourceDirectory C:\Users\ankit\OneDrive\Documents\ContentGenerator\EmailContentGenerator\src\test\resources
2024-07-24 10:19:37,787 [Worker-34: Building] INFO  o.a.m.s.f.DefaultMavenResourcesFiltering - skip non existing resourceDirectory C:\Users\ankit\OneDrive\Documents\ContentGenerator\EmailContentGenerator\src\main\resources
2024-07-24 10:19:37,791 [Worker-34: Building] INFO  o.a.m.s.f.DefaultMavenResourcesFiltering - skip non existing resourceDirectory C:\Users\ankit\OneDrive\Documents\ContentGenerator\EmailContentGenerator\src\test\resources
2024-07-24 10:20:34,650 [Worker-30: Building] INFO  o.a.m.s.f.DefaultMavenResourcesFiltering - skip non existing resourceDirectory C:\Users\ankit\OneDrive\Documents\ContentGenerator\EmailContentGenerator\src\main\resources
2024-07-24 10:20:34,651 [Worker-30: Building] INFO  o.a.m.s.f.DefaultMavenResourcesFiltering - skip non existing resourceDirectory C:\Users\ankit\OneDrive\Documents\ContentGenerator\EmailContentGenerator\src\test\resources
2024-07-24 10:21:39,564 [Worker-34: Building] INFO  o.a.m.s.f.DefaultMavenResourcesFiltering - skip non existing resourceDirectory C:\Users\ankit\OneDrive\Documents\ContentGenerator\EmailContentGenerator\src\main\resources
2024-07-24 10:21:39,566 [Worker-34: Building] INFO  o.a.m.s.f.DefaultMavenResourcesFiltering - skip non existing resourceDirectory C:\Users\ankit\OneDrive\Documents\ContentGenerator\EmailContentGenerator\src\test\resources
2024-07-24 10:22:36,640 [Worker-30: Building] INFO  o.a.m.s.f.DefaultMavenResourcesFiltering - skip non existing resourceDirectory C:\Users\ankit\OneDrive\Documents\ContentGenerator\EmailContentGenerator\src\main\resources
2024-07-24 10:22:36,641 [Worker-30: Building] INFO  o.a.m.s.f.DefaultMavenResourcesFiltering - skip non existing resourceDirectory C:\Users\ankit\OneDrive\Documents\ContentGenerator\EmailContentGenerator\src\test\resources
2024-07-24 10:22:39,553 [Worker-30: Building] INFO  o.a.m.s.f.DefaultMavenResourcesFiltering - skip non existing resourceDirectory C:\Users\ankit\OneDrive\Documents\ContentGenerator\EmailContentGenerator\src\main\resources
2024-07-24 10:22:39,554 [Worker-30: Building] INFO  o.a.m.s.f.DefaultMavenResourcesFiltering - skip non existing resourceDirectory C:\Users\ankit\OneDrive\Documents\ContentGenerator\EmailContentGenerator\src\test\resources
2024-07-24 10:23:16,215 [Worker-30: Building] INFO  o.a.m.s.f.DefaultMavenResourcesFiltering - skip non existing resourceDirectory C:\Users\ankit\OneDrive\Documents\ContentGenerator\EmailContentGenerator\src\main\resources
2024-07-24 10:23:16,217 [Worker-30: Building] INFO  o.a.m.s.f.DefaultMavenResourcesFiltering - skip non existing resourceDirectory C:\Users\ankit\OneDrive\Documents\ContentGenerator\EmailContentGenerator\src\test\resources
2024-07-24 10:23:20,819 [Worker-36: Building] INFO  o.a.m.s.f.DefaultMavenResourcesFiltering - skip non existing resourceDirectory C:\Users\ankit\OneDrive\Documents\ContentGenerator\EmailContentGenerator\src\main\resources
2024-07-24 10:23:20,821 [Worker-36: Building] INFO  o.a.m.s.f.DefaultMavenResourcesFiltering - skip non existing resourceDirectory C:\Users\ankit\OneDrive\Documents\ContentGenerator\EmailContentGenerator\src\test\resources
2024-07-24 10:26:30,382 [Worker-35: Building] INFO  o.a.m.s.f.DefaultMavenResourcesFiltering - skip non existing resourceDirectory C:\Users\ankit\OneDrive\Documents\ContentGenerator\EmailContentGenerator\src\main\resources
2024-07-24 10:26:30,384 [Worker-35: Building] INFO  o.a.m.s.f.DefaultMavenResourcesFiltering - skip non existing resourceDirectory C:\Users\ankit\OneDrive\Documents\ContentGenerator\EmailContentGenerator\src\test\resources
2024-07-24 10:34:30,130 [Worker-40: Building] INFO  o.a.m.s.f.DefaultMavenResourcesFiltering - skip non existing resourceDirectory C:\Users\ankit\OneDrive\Documents\ContentGenerator\EmailContentGenerator\src\main\resources
2024-07-24 10:34:30,131 [Worker-40: Building] INFO  o.a.m.s.f.DefaultMavenResourcesFiltering - skip non existing resourceDirectory C:\Users\ankit\OneDrive\Documents\ContentGenerator\EmailContentGenerator\src\test\resources
2024-07-24 10:35:52,464 [Worker-41: Building] INFO  o.a.m.s.f.DefaultMavenResourcesFiltering - skip non existing resourceDirectory C:\Users\ankit\OneDrive\Documents\ContentGenerator\EmailContentGenerator\src\main\resources
2024-07-24 10:35:52,466 [Worker-41: Building] INFO  o.a.m.s.f.DefaultMavenResourcesFiltering - skip non existing resourceDirectory C:\Users\ankit\OneDrive\Documents\ContentGenerator\EmailContentGenerator\src\test\resources
2024-07-24 10:37:22,053 [Worker-41: Building] INFO  o.a.m.s.f.DefaultMavenResourcesFiltering - skip non existing resourceDirectory C:\Users\ankit\OneDrive\Documents\ContentGenerator\EmailContentGenerator\src\main\resources
2024-07-24 10:37:22,054 [Worker-41: Building] INFO  o.a.m.s.f.DefaultMavenResourcesFiltering - skip non existing resourceDirectory C:\Users\ankit\OneDrive\Documents\ContentGenerator\EmailContentGenerator\src\test\resources
2024-07-24 10:37:27,478 [Worker-47: Building] INFO  o.a.m.s.f.DefaultMavenResourcesFiltering - skip non existing resourceDirectory C:\Users\ankit\OneDrive\Documents\ContentGenerator\EmailContentGenerator\src\main\resources
2024-07-24 10:37:27,480 [Worker-47: Building] INFO  o.a.m.s.f.DefaultMavenResourcesFiltering - skip non existing resourceDirectory C:\Users\ankit\OneDrive\Documents\ContentGenerator\EmailContentGenerator\src\test\resources
2024-07-24 10:38:49,588 [Worker-47: Building] INFO  o.a.m.s.f.DefaultMavenResourcesFiltering - skip non existing resourceDirectory C:\Users\ankit\OneDrive\Documents\ContentGenerator\EmailContentGenerator\src\main\resources
2024-07-24 10:38:49,590 [Worker-47: Building] INFO  o.a.m.s.f.DefaultMavenResourcesFiltering - skip non existing resourceDirectory C:\Users\ankit\OneDrive\Documents\ContentGenerator\EmailContentGenerator\src\test\resources
2024-07-24 10:38:59,272 [Worker-41: Building] INFO  o.a.m.s.f.DefaultMavenResourcesFiltering - skip non existing resourceDirectory C:\Users\ankit\OneDrive\Documents\ContentGenerator\EmailContentGenerator\src\main\resources
2024-07-24 10:38:59,274 [Worker-41: Building] INFO  o.a.m.s.f.DefaultMavenResourcesFiltering - skip non existing resourceDirectory C:\Users\ankit\OneDrive\Documents\ContentGenerator\EmailContentGenerator\src\test\resources
2024-07-24 10:39:28,946 [Worker-46: Building] INFO  o.a.m.s.f.DefaultMavenResourcesFiltering - skip non existing resourceDirectory C:\Users\ankit\OneDrive\Documents\ContentGenerator\EmailContentGenerator\src\main\resources
2024-07-24 10:39:28,947 [Worker-46: Building] INFO  o.a.m.s.f.DefaultMavenResourcesFiltering - skip non existing resourceDirectory C:\Users\ankit\OneDrive\Documents\ContentGenerator\EmailContentGenerator\src\test\resources
2024-07-24 10:45:32,560 [Worker-45: Building] INFO  o.a.m.s.f.DefaultMavenResourcesFiltering - skip non existing resourceDirectory C:\Users\ankit\OneDrive\Documents\ContentGenerator\EmailContentGenerator\src\main\resources
2024-07-24 10:45:32,562 [Worker-45: Building] INFO  o.a.m.s.f.DefaultMavenResourcesFiltering - skip non existing resourceDirectory C:\Users\ankit\OneDrive\Documents\ContentGenerator\EmailContentGenerator\src\test\resources
2024-07-24 10:46:00,561 [Worker-46: Building] INFO  o.a.m.s.f.DefaultMavenResourcesFiltering - skip non existing resourceDirectory C:\Users\ankit\OneDrive\Documents\ContentGenerator\EmailContentGenerator\src\main\resources
2024-07-24 10:46:00,563 [Worker-46: Building] INFO  o.a.m.s.f.DefaultMavenResourcesFiltering - skip non existing resourceDirectory C:\Users\ankit\OneDrive\Documents\ContentGenerator\EmailContentGenerator\src\test\resources
2024-07-24 10:46:27,341 [Worker-45: Building] INFO  o.a.m.s.f.DefaultMavenResourcesFiltering - skip non existing resourceDirectory C:\Users\ankit\OneDrive\Documents\ContentGenerator\EmailContentGenerator\src\main\resources
2024-07-24 10:46:27,342 [Worker-45: Building] INFO  o.a.m.s.f.DefaultMavenResourcesFiltering - skip non existing resourceDirectory C:\Users\ankit\OneDrive\Documents\ContentGenerator\EmailContentGenerator\src\test\resources
2024-07-24 10:46:56,437 [Worker-48: Building] INFO  o.a.m.s.f.DefaultMavenResourcesFiltering - skip non existing resourceDirectory C:\Users\ankit\OneDrive\Documents\ContentGenerator\EmailContentGenerator\src\main\resources
2024-07-24 10:46:56,438 [Worker-48: Building] INFO  o.a.m.s.f.DefaultMavenResourcesFiltering - skip non existing resourceDirectory C:\Users\ankit\OneDrive\Documents\ContentGenerator\EmailContentGenerator\src\test\resources
2024-07-24 10:49:01,040 [Worker-49: Building] INFO  o.a.m.s.f.DefaultMavenResourcesFiltering - skip non existing resourceDirectory C:\Users\ankit\OneDrive\Documents\ContentGenerator\EmailContentGenerator\src\main\resources
2024-07-24 10:49:01,042 [Worker-49: Building] INFO  o.a.m.s.f.DefaultMavenResourcesFiltering - skip non existing resourceDirectory C:\Users\ankit\OneDrive\Documents\ContentGenerator\EmailContentGenerator\src\test\resources
2024-07-24 10:54:38,052 [Worker-45: Building] INFO  o.a.m.s.f.DefaultMavenResourcesFiltering - skip non existing resourceDirectory C:\Users\ankit\OneDrive\Documents\ContentGenerator\EmailContentGenerator\src\main\resources
2024-07-24 10:54:38,054 [Worker-45: Building] INFO  o.a.m.s.f.DefaultMavenResourcesFiltering - skip non existing resourceDirectory C:\Users\ankit\OneDrive\Documents\ContentGenerator\EmailContentGenerator\src\test\resources
2024-07-24 10:55:01,631 [Worker-54: Building] INFO  o.a.m.s.f.DefaultMavenResourcesFiltering - skip non existing resourceDirectory C:\Users\ankit\OneDrive\Documents\ContentGenerator\EmailContentGenerator\src\main\resources
2024-07-24 10:55:01,633 [Worker-54: Building] INFO  o.a.m.s.f.DefaultMavenResourcesFiltering - skip non existing resourceDirectory C:\Users\ankit\OneDrive\Documents\ContentGenerator\EmailContentGenerator\src\test\resources
2024-07-24 10:59:54,819 [Worker-54: Building] INFO  o.a.m.s.f.DefaultMavenResourcesFiltering - skip non existing resourceDirectory C:\Users\ankit\OneDrive\Documents\ContentGenerator\EmailContentGenerator\src\main\resources
2024-07-24 10:59:54,820 [Worker-54: Building] INFO  o.a.m.s.f.DefaultMavenResourcesFiltering - skip non existing resourceDirectory C:\Users\ankit\OneDrive\Documents\ContentGenerator\EmailContentGenerator\src\test\resources
2024-07-24 11:29:45,525 [Worker-60: Building] INFO  o.a.m.s.f.DefaultMavenResourcesFiltering - skip non existing resourceDirectory C:\Users\ankit\OneDrive\Documents\ContentGenerator\EmailContentGenerator\src\main\resources
2024-07-24 11:29:45,526 [Worker-60: Building] INFO  o.a.m.s.f.DefaultMavenResourcesFiltering - skip non existing resourceDirectory C:\Users\ankit\OneDrive\Documents\ContentGenerator\EmailContentGenerator\src\test\resources
2024-07-24 11:32:08,870 [Worker-60: Building] INFO  o.a.m.s.f.DefaultMavenResourcesFiltering - skip non existing resourceDirectory C:\Users\ankit\OneDrive\Documents\ContentGenerator\EmailContentGenerator\src\main\resources
2024-07-24 11:32:08,872 [Worker-60: Building] INFO  o.a.m.s.f.DefaultMavenResourcesFiltering - skip non existing resourceDirectory C:\Users\ankit\OneDrive\Documents\ContentGenerator\EmailContentGenerator\src\test\resources
2024-07-24 11:33:29,280 [Worker-61: Building] INFO  o.a.m.s.f.DefaultMavenResourcesFiltering - skip non existing resourceDirectory C:\Users\ankit\OneDrive\Documents\ContentGenerator\EmailContentGenerator\src\main\resources
2024-07-24 11:33:29,282 [Worker-61: Building] INFO  o.a.m.s.f.DefaultMavenResourcesFiltering - skip non existing resourceDirectory C:\Users\ankit\OneDrive\Documents\ContentGenerator\EmailContentGenerator\src\test\resources
2024-07-24 11:36:18,614 [Worker-61: Building] INFO  o.a.m.s.f.DefaultMavenResourcesFiltering - skip non existing resourceDirectory C:\Users\ankit\OneDrive\Documents\ContentGenerator\EmailContentGenerator\src\main\resources
2024-07-24 11:36:18,615 [Worker-61: Building] INFO  o.a.m.s.f.DefaultMavenResourcesFiltering - skip non existing resourceDirectory C:\Users\ankit\OneDrive\Documents\ContentGenerator\EmailContentGenerator\src\test\resources
2024-07-24 11:43:39,479 [Worker-64: Building] INFO  o.a.m.s.f.DefaultMavenResourcesFiltering - skip non existing resourceDirectory C:\Users\ankit\OneDrive\Documents\ContentGenerator\EmailContentGenerator\src\main\resources
2024-07-24 11:43:39,481 [Worker-64: Building] INFO  o.a.m.s.f.DefaultMavenResourcesFiltering - skip non existing resourceDirectory C:\Users\ankit\OneDrive\Documents\ContentGenerator\EmailContentGenerator\src\test\resources
2024-07-24 11:46:52,063 [Worker-67: Building] INFO  o.a.m.s.f.DefaultMavenResourcesFiltering - skip non existing resourceDirectory C:\Users\ankit\OneDrive\Documents\ContentGenerator\EmailContentGenerator\src\main\resources
2024-07-24 11:46:52,065 [Worker-67: Building] INFO  o.a.m.s.f.DefaultMavenResourcesFiltering - skip non existing resourceDirectory C:\Users\ankit\OneDrive\Documents\ContentGenerator\EmailContentGenerator\src\test\resources
2024-07-24 11:50:18,797 [Worker-68: Building] INFO  o.a.m.s.f.DefaultMavenResourcesFiltering - skip non existing resourceDirectory C:\Users\ankit\OneDrive\Documents\ContentGenerator\EmailContentGenerator\src\main\resources
2024-07-24 11:50:18,799 [Worker-68: Building] INFO  o.a.m.s.f.DefaultMavenResourcesFiltering - skip non existing resourceDirectory C:\Users\ankit\OneDrive\Documents\ContentGenerator\EmailContentGenerator\src\test\resources
2024-07-24 11:50:35,215 [Worker-68: Building] INFO  o.a.m.s.f.DefaultMavenResourcesFiltering - skip non existing resourceDirectory C:\Users\ankit\OneDrive\Documents\ContentGenerator\EmailContentGenerator\src\main\resources
2024-07-24 11:50:35,216 [Worker-68: Building] INFO  o.a.m.s.f.DefaultMavenResourcesFiltering - skip non existing resourceDirectory C:\Users\ankit\OneDrive\Documents\ContentGenerator\EmailContentGenerator\src\test\resources
2024-07-24 11:50:39,032 [Worker-68: Building] INFO  o.a.m.s.f.DefaultMavenResourcesFiltering - skip non existing resourceDirectory C:\Users\ankit\OneDrive\Documents\ContentGenerator\EmailContentGenerator\src\main\resources
2024-07-24 11:50:39,034 [Worker-68: Building] INFO  o.a.m.s.f.DefaultMavenResourcesFiltering - skip non existing resourceDirectory C:\Users\ankit\OneDrive\Documents\ContentGenerator\EmailContentGenerator\src\test\resources
2024-07-24 11:50:51,516 [Worker-68: Building] INFO  o.a.m.s.f.DefaultMavenResourcesFiltering - skip non existing resourceDirectory C:\Users\ankit\OneDrive\Documents\ContentGenerator\EmailContentGenerator\src\main\resources
2024-07-24 11:50:51,517 [Worker-68: Building] INFO  o.a.m.s.f.DefaultMavenResourcesFiltering - skip non existing resourceDirectory C:\Users\ankit\OneDrive\Documents\ContentGenerator\EmailContentGenerator\src\test\resources
2024-07-24 11:51:35,262 [Worker-68: Building] INFO  o.a.m.s.f.DefaultMavenResourcesFiltering - skip non existing resourceDirectory C:\Users\ankit\OneDrive\Documents\ContentGenerator\EmailContentGenerator\src\main\resources
2024-07-24 11:51:35,263 [Worker-68: Building] INFO  o.a.m.s.f.DefaultMavenResourcesFiltering - skip non existing resourceDirectory C:\Users\ankit\OneDrive\Documents\ContentGenerator\EmailContentGenerator\src\test\resources
2024-07-24 11:52:12,702 [Worker-72: Building] INFO  o.a.m.s.f.DefaultMavenResourcesFiltering - skip non existing resourceDirectory C:\Users\ankit\OneDrive\Documents\ContentGenerator\EmailContentGenerator\src\main\resources
2024-07-24 11:52:12,704 [Worker-72: Building] INFO  o.a.m.s.f.DefaultMavenResourcesFiltering - skip non existing resourceDirectory C:\Users\ankit\OneDrive\Documents\ContentGenerator\EmailContentGenerator\src\test\resources
2024-07-24 11:54:26,967 [Worker-72: Building] INFO  o.a.m.s.f.DefaultMavenResourcesFiltering - skip non existing resourceDirectory C:\Users\ankit\OneDrive\Documents\ContentGenerator\EmailContentGenerator\src\main\resources
2024-07-24 11:54:26,969 [Worker-72: Building] INFO  o.a.m.s.f.DefaultMavenResourcesFiltering - skip non existing resourceDirectory C:\Users\ankit\OneDrive\Documents\ContentGenerator\EmailContentGenerator\src\test\resources
2024-07-24 11:55:27,577 [Worker-71: Building] INFO  o.a.m.s.f.DefaultMavenResourcesFiltering - skip non existing resourceDirectory C:\Users\ankit\OneDrive\Documents\ContentGenerator\EmailContentGenerator\src\main\resources
2024-07-24 11:55:27,579 [Worker-71: Building] INFO  o.a.m.s.f.DefaultMavenResourcesFiltering - skip non existing resourceDirectory C:\Users\ankit\OneDrive\Documents\ContentGenerator\EmailContentGenerator\src\test\resources
2024-07-24 11:56:14,661 [Worker-71: Building] INFO  o.a.m.s.f.DefaultMavenResourcesFiltering - skip non existing resourceDirectory C:\Users\ankit\OneDrive\Documents\ContentGenerator\EmailContentGenerator\src\main\resources
2024-07-24 11:56:14,663 [Worker-71: Building] INFO  o.a.m.s.f.DefaultMavenResourcesFiltering - skip non existing resourceDirectory C:\Users\ankit\OneDrive\Documents\ContentGenerator\EmailContentGenerator\src\test\resources
2024-07-24 11:58:05,587 [Worker-70: Building] INFO  o.a.m.s.f.DefaultMavenResourcesFiltering - skip non existing resourceDirectory C:\Users\ankit\OneDrive\Documents\ContentGenerator\EmailContentGenerator\src\main\resources
2024-07-24 11:58:05,589 [Worker-70: Building] INFO  o.a.m.s.f.DefaultMavenResourcesFiltering - skip non existing resourceDirectory C:\Users\ankit\OneDrive\Documents\ContentGenerator\EmailContentGenerator\src\test\resources
2024-07-24 12:02:59,833 [Worker-76: Building] INFO  o.a.m.s.f.DefaultMavenResourcesFiltering - skip non existing resourceDirectory C:\Users\ankit\OneDrive\Documents\ContentGenerator\EmailContentGenerator\src\main\resources
2024-07-24 12:02:59,835 [Worker-76: Building] INFO  o.a.m.s.f.DefaultMavenResourcesFiltering - skip non existing resourceDirectory C:\Users\ankit\OneDrive\Documents\ContentGenerator\EmailContentGenerator\src\test\resources
2024-07-24 12:03:25,057 [Worker-68: Building] INFO  o.a.m.s.f.DefaultMavenResourcesFiltering - skip non existing resourceDirectory C:\Users\ankit\OneDrive\Documents\ContentGenerator\EmailContentGenerator\src\main\resources
2024-07-24 12:03:25,059 [Worker-68: Building] INFO  o.a.m.s.f.DefaultMavenResourcesFiltering - skip non existing resourceDirectory C:\Users\ankit\OneDrive\Documents\ContentGenerator\EmailContentGenerator\src\test\resources
2024-07-24 12:10:05,628 [Worker-75: Building] INFO  o.a.m.s.f.DefaultMavenResourcesFiltering - skip non existing resourceDirectory C:\Users\ankit\OneDrive\Documents\ContentGenerator\EmailContentGenerator\src\main\resources
2024-07-24 12:10:05,630 [Worker-75: Building] INFO  o.a.m.s.f.DefaultMavenResourcesFiltering - skip non existing resourceDirectory C:\Users\ankit\OneDrive\Documents\ContentGenerator\EmailContentGenerator\src\test\resources
2024-07-24 12:10:51,092 [Worker-76: Building] INFO  o.a.m.s.f.DefaultMavenResourcesFiltering - skip non existing resourceDirectory C:\Users\ankit\OneDrive\Documents\ContentGenerator\EmailContentGenerator\src\main\resources
2024-07-24 12:10:51,094 [Worker-76: Building] INFO  o.a.m.s.f.DefaultMavenResourcesFiltering - skip non existing resourceDirectory C:\Users\ankit\OneDrive\Documents\ContentGenerator\EmailContentGenerator\src\test\resources
2024-07-24 12:14:15,451 [Worker-81: Launching EmailContent] INFO  o.a.m.s.f.DefaultMavenResourcesFiltering - skip non existing resourceDirectory C:\Users\ankit\OneDrive\Documents\ContentGenerator\EmailContentGenerator\src\main\resources
2024-07-24 12:14:15,453 [Worker-81: Launching EmailContent] INFO  o.a.m.s.f.DefaultMavenResourcesFiltering - skip non existing resourceDirectory C:\Users\ankit\OneDrive\Documents\ContentGenerator\EmailContentGenerator\src\test\resources
2024-07-24 12:40:08,560 [Worker-87: Building] INFO  o.a.m.s.f.DefaultMavenResourcesFiltering - skip non existing resourceDirectory C:\Users\ankit\OneDrive\Documents\ContentGenerator\EmailContentGenerator\src\main\resources
2024-07-24 12:40:08,562 [Worker-87: Building] INFO  o.a.m.s.f.DefaultMavenResourcesFiltering - skip non existing resourceDirectory C:\Users\ankit\OneDrive\Documents\ContentGenerator\EmailContentGenerator\src\test\resources
2024-07-24 12:43:04,727 [Worker-87: Building] INFO  o.a.m.s.f.DefaultMavenResourcesFiltering - skip non existing resourceDirectory C:\Users\ankit\OneDrive\Documents\ContentGenerator\EmailContentGenerator\src\main\resources
2024-07-24 12:43:04,730 [Worker-87: Building] INFO  o.a.m.s.f.DefaultMavenResourcesFiltering - skip non existing resourceDirectory C:\Users\ankit\OneDrive\Documents\ContentGenerator\EmailContentGenerator\src\test\resources
2024-07-24 12:44:13,499 [Worker-88: Building] INFO  o.a.m.s.f.DefaultMavenResourcesFiltering - skip non existing resourceDirectory C:\Users\ankit\OneDrive\Documents\ContentGenerator\EmailContentGenerator\src\main\resources
2024-07-24 12:44:13,502 [Worker-88: Building] INFO  o.a.m.s.f.DefaultMavenResourcesFiltering - skip non existing resourceDirectory C:\Users\ankit\OneDrive\Documents\ContentGenerator\EmailContentGenerator\src\test\resources
2024-07-24 12:48:59,136 [Worker-95: Building] INFO  o.a.m.s.f.DefaultMavenResourcesFiltering - skip non existing resourceDirectory C:\Users\ankit\OneDrive\Documents\ContentGenerator\EmailContentGenerator\src\main\resources
2024-07-24 12:48:59,138 [Worker-95: Building] INFO  o.a.m.s.f.DefaultMavenResourcesFiltering - skip non existing resourceDirectory C:\Users\ankit\OneDrive\Documents\ContentGenerator\EmailContentGenerator\src\test\resources
2024-07-24 12:54:05,820 [Worker-98: Building] INFO  o.a.m.s.f.DefaultMavenResourcesFiltering - skip non existing resourceDirectory C:\Users\ankit\OneDrive\Documents\ContentGenerator\EmailContentGenerator\src\main\resources
2024-07-24 12:54:05,822 [Worker-98: Building] INFO  o.a.m.s.f.DefaultMavenResourcesFiltering - skip non existing resourceDirectory C:\Users\ankit\OneDrive\Documents\ContentGenerator\EmailContentGenerator\src\test\resources
2024-07-24 12:54:25,529 [Worker-96: Building] INFO  o.a.m.s.f.DefaultMavenResourcesFiltering - skip non existing resourceDirectory C:\Users\ankit\OneDrive\Documents\ContentGenerator\EmailContentGenerator\src\main\resources
2024-07-24 12:54:25,530 [Worker-96: Building] INFO  o.a.m.s.f.DefaultMavenResourcesFiltering - skip non existing resourceDirectory C:\Users\ankit\OneDrive\Documents\ContentGenerator\EmailContentGenerator\src\test\resources
2024-07-24 15:27:39,571 [Worker-108: Building] INFO  o.a.m.s.f.DefaultMavenResourcesFiltering - skip non existing resourceDirectory C:\Users\ankit\OneDrive\Documents\ContentGenerator\EmailContentGenerator\src\main\resources
2024-07-24 15:27:39,581 [Worker-108: Building] INFO  o.a.m.s.f.DefaultMavenResourcesFiltering - skip non existing resourceDirectory C:\Users\ankit\OneDrive\Documents\ContentGenerator\EmailContentGenerator\src\test\resources
2024-07-24 16:34:43,546 [Worker-114: Building] INFO  o.a.m.s.f.DefaultMavenResourcesFiltering - skip non existing resourceDirectory C:\Users\ankit\OneDrive\Documents\ContentGenerator\EmailContentGenerator\src\main\resources
2024-07-24 16:34:43,563 [Worker-114: Building] INFO  o.a.m.s.f.DefaultMavenResourcesFiltering - skip non existing resourceDirectory C:\Users\ankit\OneDrive\Documents\ContentGenerator\EmailContentGenerator\src\test\resources
2024-07-24 16:41:39,870 [Worker-123: Building] INFO  o.a.m.s.f.DefaultMavenResourcesFiltering - skip non existing resourceDirectory C:\Users\ankit\OneDrive\Documents\ContentGenerator\EmailContentGenerator\src\main\resources
2024-07-24 16:41:39,872 [Worker-123: Building] INFO  o.a.m.s.f.DefaultMavenResourcesFiltering - skip non existing resourceDirectory C:\Users\ankit\OneDrive\Documents\ContentGenerator\EmailContentGenerator\src\test\resources
2024-07-24 16:41:47,221 [Worker-121: Building] INFO  o.a.m.s.f.DefaultMavenResourcesFiltering - skip non existing resourceDirectory C:\Users\ankit\OneDrive\Documents\ContentGenerator\EmailContentGenerator\src\main\resources
2024-07-24 16:41:47,222 [Worker-121: Building] INFO  o.a.m.s.f.DefaultMavenResourcesFiltering - skip non existing resourceDirectory C:\Users\ankit\OneDrive\Documents\ContentGenerator\EmailContentGenerator\src\test\resources
2024-07-24 16:42:25,619 [Worker-124: Building] INFO  o.a.m.s.f.DefaultMavenResourcesFiltering - skip non existing resourceDirectory C:\Users\ankit\OneDrive\Documents\ContentGenerator\EmailContentGenerator\src\main\resources
2024-07-24 16:42:25,621 [Worker-124: Building] INFO  o.a.m.s.f.DefaultMavenResourcesFiltering - skip non existing resourceDirectory C:\Users\ankit\OneDrive\Documents\ContentGenerator\EmailContentGenerator\src\test\resources
2024-07-24 16:47:45,684 [Worker-123: Building] INFO  o.a.m.s.f.DefaultMavenResourcesFiltering - skip non existing resourceDirectory C:\Users\ankit\OneDrive\Documents\ContentGenerator\EmailContentGenerator\src\main\resources
2024-07-24 16:47:45,686 [Worker-123: Building] INFO  o.a.m.s.f.DefaultMavenResourcesFiltering - skip non existing resourceDirectory C:\Users\ankit\OneDrive\Documents\ContentGenerator\EmailContentGenerator\src\test\resources
2024-07-24 16:48:16,313 [Worker-124: Building] INFO  o.a.m.s.f.DefaultMavenResourcesFiltering - skip non existing resourceDirectory C:\Users\ankit\OneDrive\Documents\ContentGenerator\EmailContentGenerator\src\main\resources
2024-07-24 16:48:16,315 [Worker-124: Building] INFO  o.a.m.s.f.DefaultMavenResourcesFiltering - skip non existing resourceDirectory C:\Users\ankit\OneDrive\Documents\ContentGenerator\EmailContentGenerator\src\test\resources
2024-07-24 17:56:14,657 [Worker-136: Building] INFO  o.a.m.s.f.DefaultMavenResourcesFiltering - skip non existing resourceDirectory C:\Users\ankit\OneDrive\Documents\ContentGenerator\EmailContentGenerator\src\main\resources
2024-07-24 17:56:14,659 [Worker-136: Building] INFO  o.a.m.s.f.DefaultMavenResourcesFiltering - skip non existing resourceDirectory C:\Users\ankit\OneDrive\Documents\ContentGenerator\EmailContentGenerator\src\test\resources
2024-07-25 09:39:04,030 [Worker-143: Building] INFO  o.a.m.s.f.DefaultMavenResourcesFiltering - skip non existing resourceDirectory C:\Users\ankit\OneDrive\Documents\ContentGenerator\EmailContentGenerator\src\main\resources
2024-07-25 09:39:04,033 [Worker-143: Building] INFO  o.a.m.s.f.DefaultMavenResourcesFiltering - skip non existing resourceDirectory C:\Users\ankit\OneDrive\Documents\ContentGenerator\EmailContentGenerator\src\test\resources
2024-07-25 09:41:19,116 [Worker-145: Building] INFO  o.a.m.s.f.DefaultMavenResourcesFiltering - skip non existing resourceDirectory C:\Users\ankit\OneDrive\Documents\ContentGenerator\EmailContentGenerator\src\main\resources
2024-07-25 09:41:19,118 [Worker-145: Building] INFO  o.a.m.s.f.DefaultMavenResourcesFiltering - skip non existing resourceDirectory C:\Users\ankit\OneDrive\Documents\ContentGenerator\EmailContentGenerator\src\test\resources
2024-07-25 09:41:38,245 [Worker-150: Building] INFO  o.a.m.s.f.DefaultMavenResourcesFiltering - skip non existing resourceDirectory C:\Users\ankit\OneDrive\Documents\ContentGenerator\EmailContentGenerator\src\main\resources
2024-07-25 09:41:38,247 [Worker-150: Building] INFO  o.a.m.s.f.DefaultMavenResourcesFiltering - skip non existing resourceDirectory C:\Users\ankit\OneDrive\Documents\ContentGenerator\EmailContentGenerator\src\test\resources
2024-07-25 09:43:09,266 [Worker-151: Building] INFO  o.a.m.s.f.DefaultMavenResourcesFiltering - skip non existing resourceDirectory C:\Users\ankit\OneDrive\Documents\ContentGenerator\EmailContentGenerator\src\main\resources
2024-07-25 09:43:09,268 [Worker-151: Building] INFO  o.a.m.s.f.DefaultMavenResourcesFiltering - skip non existing resourceDirectory C:\Users\ankit\OneDrive\Documents\ContentGenerator\EmailContentGenerator\src\test\resources
2024-07-25 09:43:33,952 [Worker-150: Building] INFO  o.a.m.s.f.DefaultMavenResourcesFiltering - skip non existing resourceDirectory C:\Users\ankit\OneDrive\Documents\ContentGenerator\EmailContentGenerator\src\main\resources
2024-07-25 09:43:33,953 [Worker-150: Building] INFO  o.a.m.s.f.DefaultMavenResourcesFiltering - skip non existing resourceDirectory C:\Users\ankit\OneDrive\Documents\ContentGenerator\EmailContentGenerator\src\test\resources
2024-07-25 09:43:58,334 [Worker-151: Building] INFO  o.a.m.s.f.DefaultMavenResourcesFiltering - skip non existing resourceDirectory C:\Users\ankit\OneDrive\Documents\ContentGenerator\EmailContentGenerator\src\main\resources
2024-07-25 09:43:58,336 [Worker-151: Building] INFO  o.a.m.s.f.DefaultMavenResourcesFiltering - skip non existing resourceDirectory C:\Users\ankit\OneDrive\Documents\ContentGenerator\EmailContentGenerator\src\test\resources
2024-07-25 09:51:03,730 [Worker-151: Building] INFO  o.a.m.s.f.DefaultMavenResourcesFiltering - skip non existing resourceDirectory C:\Users\ankit\OneDrive\Documents\ContentGenerator\EmailContentGenerator\src\main\resources
2024-07-25 09:51:03,732 [Worker-151: Building] INFO  o.a.m.s.f.DefaultMavenResourcesFiltering - skip non existing resourceDirectory C:\Users\ankit\OneDrive\Documents\ContentGenerator\EmailContentGenerator\src\test\resources
2024-07-25 09:53:43,729 [Worker-145: Building] INFO  o.a.m.s.f.DefaultMavenResourcesFiltering - skip non existing resourceDirectory C:\Users\ankit\OneDrive\Documents\ContentGenerator\EmailContentGenerator\src\main\resources
2024-07-25 09:53:43,731 [Worker-145: Building] INFO  o.a.m.s.f.DefaultMavenResourcesFiltering - skip non existing resourceDirectory C:\Users\ankit\OneDrive\Documents\ContentGenerator\EmailContentGenerator\src\test\resources
2024-07-25 09:54:12,334 [Worker-145: Building] INFO  o.a.m.s.f.DefaultMavenResourcesFiltering - skip non existing resourceDirectory C:\Users\ankit\OneDrive\Documents\ContentGenerator\EmailContentGenerator\src\main\resources
2024-07-25 09:54:12,335 [Worker-145: Building] INFO  o.a.m.s.f.DefaultMavenResourcesFiltering - skip non existing resourceDirectory C:\Users\ankit\OneDrive\Documents\ContentGenerator\EmailContentGenerator\src\test\resources
2024-07-25 09:54:32,197 [Worker-155: Building] INFO  o.a.m.s.f.DefaultMavenResourcesFiltering - skip non existing resourceDirectory C:\Users\ankit\OneDrive\Documents\ContentGenerator\EmailContentGenerator\src\main\resources
2024-07-25 09:54:32,199 [Worker-155: Building] INFO  o.a.m.s.f.DefaultMavenResourcesFiltering - skip non existing resourceDirectory C:\Users\ankit\OneDrive\Documents\ContentGenerator\EmailContentGenerator\src\test\resources
2024-07-25 09:54:40,970 [Worker-157: Building] INFO  o.a.m.s.f.DefaultMavenResourcesFiltering - skip non existing resourceDirectory C:\Users\ankit\OneDrive\Documents\ContentGenerator\EmailContentGenerator\src\main\resources
2024-07-25 09:54:40,971 [Worker-157: Building] INFO  o.a.m.s.f.DefaultMavenResourcesFiltering - skip non existing resourceDirectory C:\Users\ankit\OneDrive\Documents\ContentGenerator\EmailContentGenerator\src\test\resources
2024-07-25 09:55:42,471 [Worker-154: Building] INFO  o.a.m.s.f.DefaultMavenResourcesFiltering - skip non existing resourceDirectory C:\Users\ankit\OneDrive\Documents\ContentGenerator\EmailContentGenerator\src\main\resources
2024-07-25 09:55:42,472 [Worker-154: Building] INFO  o.a.m.s.f.DefaultMavenResourcesFiltering - skip non existing resourceDirectory C:\Users\ankit\OneDrive\Documents\ContentGenerator\EmailContentGenerator\src\test\resources
2024-07-25 09:56:31,795 [Worker-141: Building] INFO  o.a.m.s.f.DefaultMavenResourcesFiltering - skip non existing resourceDirectory C:\Users\ankit\OneDrive\Documents\ContentGenerator\EmailContentGenerator\src\main\resources
2024-07-25 09:56:31,797 [Worker-141: Building] INFO  o.a.m.s.f.DefaultMavenResourcesFiltering - skip non existing resourceDirectory C:\Users\ankit\OneDrive\Documents\ContentGenerator\EmailContentGenerator\src\test\resources
2024-07-25 11:20:49,338 [Worker-163: Building] INFO  o.a.m.s.f.DefaultMavenResourcesFiltering - skip non existing resourceDirectory C:\Users\ankit\OneDrive\Documents\ContentGenerator\EmailContentGenerator\src\main\resources
2024-07-25 11:20:49,348 [Worker-163: Building] INFO  o.a.m.s.f.DefaultMavenResourcesFiltering - skip non existing resourceDirectory C:\Users\ankit\OneDrive\Documents\ContentGenerator\EmailContentGenerator\src\test\resources
2024-07-25 18:18:47,123 [ForkJoinPool.commonPool-worker-91] INFO  j.exodus.util.CompressBackupUtil - Backup file "local_only_issue_backup2024-07-25-18-18-47.tar.gz" created.
2024-07-26 10:37:04,761 [Worker-1: Loading available Gradle versions] INFO  o.e.b.c.i.u.g.PublishedGradleVersions - Gradle version information cache is out-of-date. Trying to update.
2024-07-26 10:37:05,619 [ForkJoinPool.commonPool-worker-3] INFO  o.s.s.s.o.s.c.s.PostProcessorRegistrationDelegate$BeanPostProcessorChecker - Bean 'sonarLintSpringAppConfig' of type [org.sonarsource.sonarlint.core.spring.SonarLintSpringAppConfig$$EnhancerBySpringCGLIB$$485a37bf] is not eligible for getting processed by all BeanPostProcessors (for example: not eligible for auto-proxying)
2024-07-26 10:37:05,675 [ForkJoinPool.commonPool-worker-3] INFO  o.s.s.s.o.s.c.s.PostProcessorRegistrationDelegate$BeanPostProcessorChecker - Bean 'provideClientEventBus' of type [com.google.common.eventbus.AsyncEventBus] is not eligible for getting processed by all BeanPostProcessors (for example: not eligible for auto-proxying)
2024-07-26 10:37:06,606 [ForkJoinPool.commonPool-worker-3] INFO  jetbrains.exodus.io.FileDataWriter - Interruptible file channel will be used
java.lang.reflect.InaccessibleObjectException: Unable to make public void sun.nio.ch.FileChannelImpl.setUninterruptible() accessible: module java.base does not "exports sun.nio.ch" to unnamed module @5c3094f2
	at java.base/java.lang.reflect.AccessibleObject.checkCanSetAccessible(AccessibleObject.java:354)
	at java.base/java.lang.reflect.AccessibleObject.checkCanSetAccessible(AccessibleObject.java:297)
	at java.base/java.lang.reflect.Method.checkCanSetAccessible(Method.java:200)
	at java.base/java.lang.reflect.Method.setAccessible(Method.java:194)
	at jetbrains.exodus.io.FileDataWriter$Companion$setUninterruptibleMethod$1.invoke(FileDataWriter.kt:188)
	at jetbrains.exodus.io.FileDataWriter$Companion$setUninterruptibleMethod$1.invoke(FileDataWriter.kt:185)
	at jetbrains.exodus.util.UnsafeHolder.doPrivileged$lambda-0(UnsafeHolder.kt:30)
	at java.base/java.security.AccessController.doPrivileged(AccessController.java:569)
	at jetbrains.exodus.util.UnsafeHolder.doPrivileged(UnsafeHolder.kt:29)
	at jetbrains.exodus.io.FileDataWriter.<clinit>(FileDataWriter.kt:185)
	at jetbrains.exodus.io.FileDataReaderWriterProvider.newFileDataWriter(FileDataReaderWriterProvider.kt:48)
	at jetbrains.exodus.io.FileDataReaderWriterProvider.newReaderWriter(FileDataReaderWriterProvider.kt:30)
	at jetbrains.exodus.log.LogConfig.createReaderWriter(LogConfig.java:359)
	at jetbrains.exodus.log.LogConfig.getReader(LogConfig.java:125)
	at jetbrains.exodus.log.Log.<init>(Log.kt:52)
	at jetbrains.exodus.env.Environments.newLogInstance(Environments.kt:117)
	at jetbrains.exodus.env.Environments.newLogInstance(Environments.kt:81)
	at jetbrains.exodus.env.Environments.newLogInstance(Environments.kt:77)
	at jetbrains.exodus.env.Environments$newInstance$4.invoke(Environments.kt:46)
	at jetbrains.exodus.env.Environments$newInstance$4.invoke(Environments.kt:46)
	at jetbrains.exodus.env.Environments.prepare(Environments.kt:120)
	at jetbrains.exodus.env.Environments.newInstance(Environments.kt:46)
	at org.sonarsource.sonarlint.core.local.only.XodusLocalOnlyIssueStore.buildEntityStore(XodusLocalOnlyIssueStore.java:201)
	at org.sonarsource.sonarlint.core.local.only.XodusLocalOnlyIssueStore.<init>(XodusLocalOnlyIssueStore.java:94)
	at org.sonarsource.sonarlint.core.local.only.LocalOnlyIssueStorageService.get(LocalOnlyIssueStorageService.java:49)
	at org.sonarsource.sonarlint.core.local.only.LocalOnlyIssueStorageService.purgeOldIssues(LocalOnlyIssueStorageService.java:43)
	at java.base/jdk.internal.reflect.DirectMethodHandleAccessor.invoke(DirectMethodHandleAccessor.java:104)
	at java.base/java.lang.reflect.Method.invoke(Method.java:577)
	at org.sonarsource.sonarlint.shaded.org.springframework.beans.factory.annotation.InitDestroyAnnotationBeanPostProcessor$LifecycleElement.invoke(InitDestroyAnnotationBeanPostProcessor.java:389)
	at org.sonarsource.sonarlint.shaded.org.springframework.beans.factory.annotation.InitDestroyAnnotationBeanPostProcessor$LifecycleMetadata.invokeInitMethods(InitDestroyAnnotationBeanPostProcessor.java:333)
	at org.sonarsource.sonarlint.shaded.org.springframework.beans.factory.annotation.InitDestroyAnnotationBeanPostProcessor.postProcessBeforeInitialization(InitDestroyAnnotationBeanPostProcessor.java:157)
	at org.sonarsource.sonarlint.shaded.org.springframework.beans.factory.support.AbstractAutowireCapableBeanFactory.applyBeanPostProcessorsBeforeInitialization(AbstractAutowireCapableBeanFactory.java:440)
	at org.sonarsource.sonarlint.shaded.org.springframework.beans.factory.support.AbstractAutowireCapableBeanFactory.initializeBean(AbstractAutowireCapableBeanFactory.java:1796)
	at org.sonarsource.sonarlint.shaded.org.springframework.beans.factory.support.AbstractAutowireCapableBeanFactory.doCreateBean(AbstractAutowireCapableBeanFactory.java:620)
	at org.sonarsource.sonarlint.shaded.org.springframework.beans.factory.support.AbstractAutowireCapableBeanFactory.createBean(AbstractAutowireCapableBeanFactory.java:542)
	at org.sonarsource.sonarlint.shaded.org.springframework.beans.factory.support.AbstractBeanFactory.lambda$doGetBean$0(AbstractBeanFactory.java:335)
	at org.sonarsource.sonarlint.shaded.org.springframework.beans.factory.support.DefaultSingletonBeanRegistry.getSingleton(DefaultSingletonBeanRegistry.java:234)
	at org.sonarsource.sonarlint.shaded.org.springframework.beans.factory.support.AbstractBeanFactory.doGetBean(AbstractBeanFactory.java:333)
	at org.sonarsource.sonarlint.shaded.org.springframework.beans.factory.support.AbstractBeanFactory.getBean(AbstractBeanFactory.java:208)
	at org.sonarsource.sonarlint.shaded.org.springframework.beans.factory.config.DependencyDescriptor.resolveCandidate(DependencyDescriptor.java:276)
	at org.sonarsource.sonarlint.shaded.org.springframework.beans.factory.support.DefaultListableBeanFactory.doResolveDependency(DefaultListableBeanFactory.java:1391)
	at org.sonarsource.sonarlint.shaded.org.springframework.beans.factory.support.DefaultListableBeanFactory.resolveDependency(DefaultListableBeanFactory.java:1311)
	at org.sonarsource.sonarlint.shaded.org.springframework.beans.factory.support.ConstructorResolver.resolveAutowiredArgument(ConstructorResolver.java:887)
	at org.sonarsource.sonarlint.shaded.org.springframework.beans.factory.support.ConstructorResolver.createArgumentArray(ConstructorResolver.java:791)
	at org.sonarsource.sonarlint.shaded.org.springframework.beans.factory.support.ConstructorResolver.autowireConstructor(ConstructorResolver.java:229)
	at org.sonarsource.sonarlint.shaded.org.springframework.beans.factory.support.AbstractAutowireCapableBeanFactory.autowireConstructor(AbstractAutowireCapableBeanFactory.java:1372)
	at org.sonarsource.sonarlint.shaded.org.springframework.beans.factory.support.AbstractAutowireCapableBeanFactory.createBeanInstance(AbstractAutowireCapableBeanFactory.java:1222)
	at org.sonarsource.sonarlint.shaded.org.springframework.beans.factory.support.AbstractAutowireCapableBeanFactory.doCreateBean(AbstractAutowireCapableBeanFactory.java:582)
	at org.sonarsource.sonarlint.shaded.org.springframework.beans.factory.support.AbstractAutowireCapableBeanFactory.createBean(AbstractAutowireCapableBeanFactory.java:542)
	at org.sonarsource.sonarlint.shaded.org.springframework.beans.factory.support.AbstractBeanFactory.lambda$doGetBean$0(AbstractBeanFactory.java:335)
	at org.sonarsource.sonarlint.shaded.org.springframework.beans.factory.support.DefaultSingletonBeanRegistry.getSingleton(DefaultSingletonBeanRegistry.java:234)
	at org.sonarsource.sonarlint.shaded.org.springframework.beans.factory.support.AbstractBeanFactory.doGetBean(AbstractBeanFactory.java:333)
	at org.sonarsource.sonarlint.shaded.org.springframework.beans.factory.support.AbstractBeanFactory.getBean(AbstractBeanFactory.java:208)
	at org.sonarsource.sonarlint.shaded.org.springframework.beans.factory.support.DefaultListableBeanFactory.preInstantiateSingletons(DefaultListableBeanFactory.java:955)
	at org.sonarsource.sonarlint.shaded.org.springframework.context.support.AbstractApplicationContext.finishBeanFactoryInitialization(AbstractApplicationContext.java:920)
	at org.sonarsource.sonarlint.shaded.org.springframework.context.support.AbstractApplicationContext.refresh(AbstractApplicationContext.java:583)
	at org.sonarsource.sonarlint.core.SonarLintBackendImpl.lambda$initialize$2(SonarLintBackendImpl.java:63)
	at java.base/java.util.concurrent.CompletableFuture$AsyncRun.run(CompletableFuture.java:1804)
	at java.base/java.util.concurrent.CompletableFuture$AsyncRun.exec(CompletableFuture.java:1796)
	at java.base/java.util.concurrent.ForkJoinTask.doExec(ForkJoinTask.java:373)
	at java.base/java.util.concurrent.ForkJoinPool$WorkQueue.topLevelExec(ForkJoinPool.java:1182)
	at java.base/java.util.concurrent.ForkJoinPool.scan(ForkJoinPool.java:1655)
	at java.base/java.util.concurrent.ForkJoinPool.runWorker(ForkJoinPool.java:1622)
	at java.base/java.util.concurrent.ForkJoinWorkerThread.run(ForkJoinWorkerThread.java:165)
2024-07-26 10:37:06,611 [ForkJoinPool.commonPool-worker-3] WARN  jetbrains.exodus.io.FileDataWriter - Can't open directory channel. Log directory fsync won't be performed.
2024-07-26 10:37:06,873 [ForkJoinPool.commonPool-worker-3] INFO  j.exodus.env.EnvironmentImpl - Exodus environment created: C:\Users\ankit\.sonarlint\xodus-local-only-issue-store9232469207886527160
2024-07-26 10:37:06,878 [ForkJoinPool.commonPool-worker-3] INFO  j.exodus.gc.GarbageCollector - Queueing ComputeUtilizationFromScratchJob
2024-07-26 10:37:16,610 [Exodus shared background cleaner] INFO  j.exodus.gc.GarbageCollector - Started calculation of log utilization from scratch at C:\Users\ankit\.sonarlint\xodus-local-only-issue-store9232469207886527160
2024-07-26 10:37:16,630 [Exodus shared background cleaner] INFO  j.exodus.gc.GarbageCollector - Finished calculation of log utilization from scratch at C:\Users\ankit\.sonarlint\xodus-local-only-issue-store9232469207886527160
2024-07-26 10:52:57,641 [Worker-14: Building] WARN  o.e.m.c.i.embedder.EclipseLogger - The artifact mysql:mysql-connector-java:jar:8.0.33 has been relocated to com.mysql:mysql-connector-j:jar:8.0.33: MySQL Connector/J artifacts moved to reverse-DNS compliant Maven 2+ coordinates.
2024-07-26 10:52:58,476 [Worker-14: Building] INFO  o.a.m.s.f.DefaultMavenResourcesFiltering - skip non existing resourceDirectory C:\Users\ankit\OneDrive\Documents\ContentGenerator\EmailContentGenerator\src\main\resources
2024-07-26 10:52:58,481 [Worker-14: Building] INFO  o.a.m.s.f.DefaultMavenResourcesFiltering - skip non existing resourceDirectory C:\Users\ankit\OneDrive\Documents\ContentGenerator\EmailContentGenerator\src\test\resources
2024-07-26 15:08:10,788 [Worker-15: Building] INFO  o.a.m.s.f.DefaultMavenResourcesFiltering - skip non existing resourceDirectory C:\Users\ankit\OneDrive\Documents\ContentGenerator\EmailContentGenerator\src\main\resources
2024-07-26 15:08:10,792 [Worker-15: Building] INFO  o.a.m.s.f.DefaultMavenResourcesFiltering - skip non existing resourceDirectory C:\Users\ankit\OneDrive\Documents\ContentGenerator\EmailContentGenerator\src\test\resources
2024-07-26 15:08:26,668 [Worker-15: Building] INFO  o.a.m.s.f.DefaultMavenResourcesFiltering - skip non existing resourceDirectory C:\Users\ankit\OneDrive\Documents\ContentGenerator\EmailContentGenerator\src\main\resources
2024-07-26 15:08:26,672 [Worker-15: Building] INFO  o.a.m.s.f.DefaultMavenResourcesFiltering - skip non existing resourceDirectory C:\Users\ankit\OneDrive\Documents\ContentGenerator\EmailContentGenerator\src\test\resources
2024-07-26 15:08:53,579 [Worker-18: Building] INFO  o.a.m.s.f.DefaultMavenResourcesFiltering - skip non existing resourceDirectory C:\Users\ankit\OneDrive\Documents\ContentGenerator\EmailContentGenerator\src\main\resources
2024-07-26 15:08:53,584 [Worker-18: Building] INFO  o.a.m.s.f.DefaultMavenResourcesFiltering - skip non existing resourceDirectory C:\Users\ankit\OneDrive\Documents\ContentGenerator\EmailContentGenerator\src\test\resources
